[33mWarning at line 2534: "object" with value definition. You should use type definition without value, e.g., "+ key (object)"[0m
[33mWarning at line 4692: Ignoring unrecognized block "<!-- #Party -->".[0m
[33mWarning at line 4697: Ignoring unrecognized block "<!-- + last_name: Іванов (string) -->".[0m
[33mWarning at line 4698: Ignoring unrecognized block "<!-- + second_name: Миколайович (string) -->".[0m
[33mWarning at line 6352: "object" with value definition. You should use type definition without value, e.g., "+ key (object)"[0m
[33mWarning at line 10737: Action is missing parameter definitions: id.[0m
[33mWarning at line 10958: Action is missing parameter definitions: unique_10929, duplicate, duplicate_1.[0m
[33mWarning at line 10958: Action "GET /api/v2/dictionaries" already defined.[0m
[33mWarning at line 11025: "object" with value definition. You should use type definition without value, e.g., "+ key (object)"[0m
[33mWarning at line 11004: Action is missing parameter definitions: name, is_active, value_code.[0m
[33mWarning at line 11629: Ignoring unrecognized block "<!-- + Headers -->".[0m
[33mWarning at line 11631: Ignoring unrecognized block "<!-- Authorization: Bearer c2778f3064753ea70de870a53795f5c9 -->".[0m
[33mWarning at line 11632: Ignoring unrecognized block "API-key: uXhEczJ56adsfh3Ri9SUkc4en
            X-Custom-PSK: a2aa05c76f3f2d91870f923a53cc8aa8f23bbc01a8238d1c2c26d4299715a7e4".[0m
[33mWarning at line 11656: Ignoring unrecognized block "<!-- + Headers -->".[0m
[33mWarning at line 11658: Ignoring unrecognized block "<!-- Authorization: Bearer c2778f3064753ea70de870a53795f5c9 -->".[0m
[33mWarning at line 11659: Ignoring unrecognized block "API-key: uXhEczJ56adsfh3Ri9SUkc4en
            X-Custom-PSK: a2aa05c76f3f2d91870f923a53cc8aa8f23bbc01a8238d1c2c26d4299715a7e4".[0m
[33mWarning at line 11690: Action is missing parameter definitions: id.[0m
[33mWarning at line 12310: Action is missing parameter definitions: contract_type.[0m
[33mWarning at line 12359: Action is missing parameter definitions: contract_type, unique_12312, unique_12312.[0m
[33mWarning at line 12398: Action is missing parameter definitions: contract_type.[0m
[33mWarning at line 12429: Action is missing parameter definitions: contract_type.[0m
[33mWarning at line 12458: Action is missing parameter definitions: contract_type, id.[0m
[33mWarning at line 12657: Action is missing parameter definitions: contract_type.[0m
[33mWarning at line 12696: Action is missing parameter definitions: contract_type, unique_12643, duplicate, id, contractor_legal_entity_id, edrpou, contractor_owner_id, nhs_signer_id, issue_city, status, contract_number, medical_program_id, page, page_size.[0m
[33mWarning at line 12761: Action is missing parameter definitions: contract_type.[0m
[33mWarning at line 12802: Action is missing parameter definitions: contract_type.[0m
[33mWarning at line 12845: Action is missing parameter definitions: contract_type.[0m
[33mWarning at line 12919: Ignoring unrecognized block "<!-- + Parameters -->".[0m
[33mWarning at line 12920: Ignoring unrecognized block "+ `contract_type` (string, required) - identifier
        + data (object)
            + include Contract_Details_Capitation".[0m
[33mWarning at line 12876: Action is missing parameter definitions: contract_type.[0m
[33mWarning at line 12945: Action is missing parameter definitions: verification_status.[0m
[33mWarning at line 13367: Action is missing parameter definitions: id, unique_13298.[0m
[33mWarning at line 13614: Ignoring unrecognized block "<!-- This method will be deprecated. Use **Reject Person Request v2**. -->".[0m
[33mWarning at line 13616: Ignoring unrecognized block "<!-- Use this method to reject previously created Person Request. -->".[0m
[33mWarning at line 13618: Ignoring unrecognized block "<!-- More detailed information - https://e-health-ua.atlassian.net/wiki/x/MYDAIw -->".[0m
[33mWarning at line 14038: Action is missing parameter definitions: legal_entity_id.[0m
[33mWarning at line 14364: Action is missing parameter definitions: id.[0m
[33mWarning at line 14857: Action is missing parameter definitions: id.[0m
[33mWarning at line 15070: Ignoring unrecognized block "<!-- + Parameters -->".[0m
[33mWarning at line 15071: Ignoring unrecognized block "+ `page_size` (string, required) - identifier
        + `page` (string, required) - identifier
        + `birth_place` (string, required) - identifier
                        + merge_person_id: bdadc2a7-7283-4f24-bc99-8d8d9808af80 (string) - identifier of a person who is recognized as a duplicate and subsequently deactivated
                        + person_id: b075f148-7f93-4fc2-b2ec-2d81b19a9b7b (string) - identifier of the person who as a result of the deduplication is recognized as true and subsequently left active
                        + updated_at: 2019-05-08T15:34:00Z (string)".[0m
[33mWarning at line 15025: Action is missing parameter definitions: birth_place, page, page_size.[0m
[33mWarning at line 15192: Action is missing parameter definitions: unique_15114, duplicate.[0m
[33mWarning at line 15192: Action "GET /sign-in" already defined.[0m
[33mWarning at line 15384: Action is missing parameter definitions: legal_entity_id, requisition.[0m
[33mWarning at line 15425: Action is missing parameter definitions: requisition, status, page, page_size.[0m
[33mWarning at line 15576: Action is missing parameter definitions: patient_id.[0m
[33mWarning at line 15603: Action is missing parameter definitions: patient_id, id.[0m
[33mWarning at line 16001: Action is missing parameter definitions: patient_id, care_plan_id, id.[0m
[33mWarning at line 16070: Action is missing parameter definitions: patient_id, care_plan_id.[0m
[33mWarning at line 16259: Action is missing parameter definitions: patient_id, asserted_date_from, asserted_date_to, page, page_size, type, encounter_id, episode_id.[0m
[33mWarning at line 16300: Action is missing parameter definitions: patient_id, diagnostic_report_id.[0m
[33mWarning at line 16332: Action is missing parameter definitions: patient_id, duplicate, issued_from, issued_to, page, page_size, code, encounter_id, context_episode_id, initial_episode_id.[0m
[33mWarning at line 16375: Action is missing parameter definitions: patient_id, page, page_size, code, onset_date_time_from, onset_date_time_to.[0m
[33mWarning at line 16444: Action is missing parameter definitions: date_from, date_to.[0m
[33mWarning at line 16522: Action is missing parameter definitions: patient_id, page, page_size, code, date_from, date_to.[0m
[33mWarning at line 16587: Ignoring unrecognized block "<!-- Key                | Value -->".[0m
[33mWarning at line 16588: Ignoring unrecognized block "<!-- -------------------|----------- -->".[0m
[33mWarning at line 16589: Ignoring unrecognized block "ESOZ ENT ID        | ENT-043
Link to Confluence | <a href="https://e-health-ua.atlassian.net/wiki/spaces/ESOZ/pages/17359110269/Medication+Request">Medication Request</a>".[0m
[33mWarning at line 16555: Action is missing parameter definitions: patient_id, id.[0m
[33mWarning at line 16616: Ignoring unrecognized block "<!-- + division_id: 2848a935-5fd7-48ba-b235-a9b5d475c647 (string) - Division identifier -->".[0m
[33mWarning at line 16617: Ignoring unrecognized block "<!-- + programs (array[Qualify_Medication_request_Request_List_program_post_data], required) - Medical programs list for qualify -->".[0m
[33mWarning at line 16691: Action is missing parameter definitions: care_plan_id.[0m
[33mWarning at line 17195: Action is missing a response[0m
[33mWarning at line 17285: Action is missing parameter definitions: id.[0m
[33mWarning at line 17327: Ignoring unrecognized block "<!--  -->".[0m
[33mWarning at line 17329: Ignoring unrecognized block "<!-- Key                | Value -->".[0m
[33mWarning at line 17330: Ignoring unrecognized block "<!-- -------------------|----------- -->".[0m
[33mWarning at line 17331: Ignoring unrecognized block "ESOZ ENT ID        | ENT-042".[0m
[33mWarning at line 17333: Ignoring unrecognized block "<!-- Link to Confluence | <a href="https://e-health-ua.atlassian.net/wiki/spaces/ESOZ/pages/17359241296/Medication+Dispense">Medication Dispense</a> -->".[0m
[33mWarning at line 17335: Ignoring unrecognized block "<!-- Medication Dispense - Indicates that a medication product has been dispensed for -->".[0m
[33mWarning at line 17336: Ignoring unrecognized block "<!-- a named person/patientDispense of medication is possible only under Medication -->".[0m
[33mWarning at line 17337: Ignoring unrecognized block "Request and during the period specified in Medication RequestMedical program - mandatory
attribute for the first phase. There is no options to dispense medication without
program Dispense details - several medications of different manufacturers
with the same innm can be dispensed at a time. Total of medication_qty should
be less or equal to medication quantity specified in Medication Request.".[0m
[33mWarning at line 17306: Action is missing parameter definitions: id.[0m
[33mWarning at line 17343: Action is missing parameter definitions: code.[0m
[33mWarning at line 17583: Action is missing parameter definitions: person_id.[0m
[33mWarning at line 17612: Action is missing parameter definitions: id, medication_request_id, legal_entity_id, division_id, status, dispensed_from, dispensed_to, care_plan_id, page, page_size.[0m
[33mWarning at line 17681: Action is missing parameter definitions: id.[0m
[33mWarning at line 17726: Ignoring unrecognized block "<!--  -->".[0m
[33mWarning at line 17728: Ignoring unrecognized block "<!-- Key                | Value -->".[0m
[33mWarning at line 17729: Ignoring unrecognized block "<!-- -------------------|----------- -->".[0m
[33mWarning at line 17730: Ignoring unrecognized block "ESOZ ENT ID        | ENT-044".[0m
[33mWarning at line 17732: Ignoring unrecognized block "<!-- Link to Confluence | <a href="https://e-health-ua.atlassian.net/wiki/spaces/ESOZ/pages/17358782570/Medication+Request+Request">Medication Request Requests</a> -->".[0m
[33mWarning at line 17734: Ignoring unrecognized block "<!-- Medication request Request is a life-cycle entity that is used to perform operations on Medication requests. -->".[0m
[33mWarning at line 17735: Ignoring unrecognized block "<!-- After Medication request Request is signed it will be automatically moved to Medication requests. -->".[0m
[33mWarning at line 17704: Action is missing parameter definitions: id.[0m
[33mWarning at line 17755: Ignoring unrecognized block "<!--  -->".[0m
[33mWarning at line 17756: Ignoring unrecognized block "<!-- + Attributes (object) -->".[0m
[33mWarning at line 17758: Ignoring unrecognized block "+ medication_request_request (object)
            + include Medication_request_Request_Qualify_post_data".[0m
[33mWarning at line 17761: Ignoring unrecognized block "<!-- + programs (array[Qualify_Medication_request_Request_List_program_post_data], required) - Medical programs list for qualify -->".[0m
[33mWarning at line 17868: Action is missing parameter definitions: care_plan_id.[0m
[33mWarning at line 18023: Ignoring unrecognized block "<!--  -->".[0m
[33mWarning at line 18025: Ignoring unrecognized block "<!-- Key                | Value -->".[0m
[33mWarning at line 18026: Ignoring unrecognized block "<!-- -------------------|----------- -->".[0m
[33mWarning at line 18027: Ignoring unrecognized block "ESOZ ENT ID        | ENT-045
Link to Confluence | <a href="https://e-health-ua.atlassian.net/wiki/spaces/ESOZ/pages/18699747489/Medication+Statement+ENT-045">Medication Statement</a>".[0m
[33mWarning at line 18051: Ignoring unrecognized block "<!--  -->".[0m
[33mWarning at line 18052: Ignoring unrecognized block "<!-- + data (Medication_Statement_Response) -->".[0m
[33mWarning at line 18054: Action is missing parameter definitions: patient_id, duplicate, asserted_date_from, asserted_date_to, page, page_size, medication_code, encounter_id, episode_id.[0m
[33mWarning at line 18180: Action is missing parameter definitions: patient_id, encounter_id, diagnostic_report_id, episode_id, code, issued_from, issued_to, page, page_size.[0m
[33mWarning at line 18261: Action is missing parameter definitions: patient_id, status, episode_id, code, service_request_id, recorded_by, managing_organization_id.[0m
[33mWarning at line 18333: Action is missing a response[0m
[33mWarning at line 18346: Action is missing parameter definitions: patient_id, id.[0m
[33mWarning at line 18379: Action is missing parameter definitions: patient_id, id, status, episode_id, encounter_id, code, based_on, recorded_by, managing_organization_id, device_id.[0m
[33mWarning at line 18421: Action is missing parameter definitions: person_id, id.[0m
[33mWarning at line 18558: Ignoring unrecognized block "<!-- + Response 200 (application/json) -->".[0m
[33mWarning at line 18559: Ignoring unrecognized block "<!-- + Attributes (Response_Collection) -->".[0m
[33mWarning at line 18561: Ignoring unrecognized block "<!-- + data (array[Risk_Assessment_Response]) -->".[0m
[33mWarning at line 18565: Ignoring unrecognized block "<!-- Key                | Value -->".[0m
[33mWarning at line 18566: Ignoring unrecognized block "<!-- -------------------|----------- -->".[0m
[33mWarning at line 18567: Ignoring unrecognized block "ESOZ ENT ID        | ENT-062
Link to Confluence | <a href="https://e-health-ua.atlassian.net/wiki/spaces/ESOZ/pages/17479991344/Service+Request">Service Request</a>".[0m
[33mWarning at line 18529: Action is missing a response[0m
[33mWarning at line 18529: Action is missing parameter definitions: patient_id, code, asserted_date_from, asserted_date_to, page, page_size, encounter_id, episode_id.[0m
[33mWarning at line 18820: Action is missing parameter definitions: patient_id, service_request_id.[0m
[33mWarning at line 18864: Action is missing parameter definitions: patient_id, service_request_id.[0m
[33mWarning at line 19173: Action is missing parameter definitions: parent_id.[0m
[33mWarning at line 19197: Action is missing parameter definitions: patient_id, service_request_id.[0m
[33mWarning at line 19229: Action is missing parameter definitions: parent_id, service_request_id.[0m
[33mWarning at line 19270: Action is missing parameter definitions: id.[0m
[33mWarning at line 19470: Action is missing parameter definitions: patient_id, episode_id.[0m
[33mWarning at line 19626: Action is missing parameter definitions: patient_id, episode_id, date_from, date_to, page, page_size.[0m
[33mWarning at line 19876: Action is missing parameter definitions: period_from, period_to.[0m
[33mWarning at line 19991: Ignoring unrecognized block "<!-- + Parameters -->".[0m
[33mWarning at line 19979: Action is missing parameter definitions: patient_id.[0m
[33mWarning at line 19999: Action is missing parameter definitions: patient_id, id.[0m
[33mWarning at line 20127: Ignoring unrecognized block "<!-- + Parameters -->".[0m
[33mWarning at line 20128: Ignoring unrecognized block "+ `page_size` (string, required) - identifier
        + `page` (string, required) - identifier
        + `date` (string, required) - identifier
        + `type` (string, required) - identifier
        + `encounter_id` (string, required) - identifier
        + `patient_id` (string, required) - identifier".[0m
[33mWarning at line 20107: Action is missing parameter definitions: patient_id, id.[0m
[33mWarning at line 20142: Action is missing parameter definitions: patient_id, patient_id, encounter_id, type, date, page, page_size.[0m
[33mWarning at line 20511: Action "GET /api/persons/{person_id}/compositions/{composition_id}/medication_requests/" already defined.[0m
[33mWarning at line 20646: Action is missing a response[0m
[33mWarning at line 20646: Action is missing parameter definitions: patient_id.[0m
[33mWarning at line 20689: Action is missing parameter definitions: patient_id, type, status, registered_by, collected_from, collected_to, container_identifier, container_type, parent, request, encounter, page, page_size.[0m
