[33mWarning at line 2534: "object" with value definition. You should use type definition without value, e.g., "+ key (object)"[0m
[33mWarning at line 4692: Ignoring unrecognized block "<!-- #Party -->".[0m
[33mWarning at line 4697: Ignoring unrecognized block "<!-- + last_name: Іванов (string) -->".[0m
[33mWarning at line 4698: Ignoring unrecognized block "<!-- + second_name: Миколайович (string) -->".[0m
[33mWarning at line 6352: "object" with value definition. You should use type definition without value, e.g., "+ key (object)"[0m
[33mWarning at line 10392: Action is missing parameter definitions: id, connection_id.[0m
[33mWarning at line 10496: Action is missing parameter definitions: client_id, redirect_uri, scope, email, user_data, state.[0m
[33mWarning at line 10699: Action is missing parameter definitions: id.[0m
[33mWarning at line 10737: Action is missing parameter definitions: id.[0m
[33mWarning at line 10764: Action is missing parameter definitions: id, connection_id.[0m
[33mWarning at line 10788: Action is missing parameter definitions: id, connection_id.[0m
[33mWarning at line 10822: Action is missing parameter definitions: id, connection_id.[0m
[33mWarning at line 10854: Action is missing parameter definitions: id, connection_id.[0m
[33mWarning at line 10899: Action is missing parameter definitions: name, is_active.[0m
[33mWarning at line 10923: Action is missing parameter definitions: name, is_active, value_code, value_description, value_is_active.[0m
[33mWarning at line 10957: Action is missing parameter definitions: name, is_active, value_code.[0m
[33mWarning at line 11023: "object" with value definition. You should use type definition without value, e.g., "+ key (object)"[0m
[33mWarning at line 11002: Action is missing parameter definitions: name, is_active, value_code.[0m
[33mWarning at line 11092: Action is missing parameter definitions: region_id, region, name, koatuu, page, page_size.[0m
[33mWarning at line 11116: Action is missing parameter definitions: name, koatuu, page, page_size.[0m
[33mWarning at line 11138: Action is missing parameter definitions: name, koatuu, page, page_size.[0m
[33mWarning at line 11162: Action is missing parameter definitions: name, koatuu, page, page_size.[0m
[33mWarning at line 11182: Action is missing parameter definitions: name, region, district, koatuu, page, page_size.[0m
[33mWarning at line 11206: Action is missing parameter definitions: id.[0m
[33mWarning at line 11227: Action is missing parameter definitions: settlement_id, name, type, page, page_size.[0m
[33mWarning at line 11264: Action is missing parameter definitions: id.[0m
[33mWarning at line 11396: Action is missing parameter definitions: id, name, is_active, mr_blank_type, type, page, page_size.[0m
[33mWarning at line 11451: Action is missing parameter definitions: medical_program_id, page, page_size.[0m
[33mWarning at line 11490: Action is missing parameter definitions: code, name, page, page_size.[0m
[33mWarning at line 11530: Action is missing parameter definitions: patient_id.[0m
[33mWarning at line 11627: Ignoring unrecognized block "<!-- + Headers -->".[0m
[33mWarning at line 11629: Ignoring unrecognized block "<!-- Authorization: Bearer c2778f3064753ea70de870a53795f5c9 -->".[0m
[33mWarning at line 11630: Ignoring unrecognized block "<!-- API-key: uXhEczJ56adsfh3Ri9SUkc4en -->".[0m
[33mWarning at line 11631: Ignoring unrecognized block "<!-- X-Custom-PSK: a2aa05c76f3f2d91870f923a53cc8aa8f23bbc01a8238d1c2c26d4299715a7e4 -->".[0m
[33mWarning at line 11605: Action is missing parameter definitions: id.[0m
[33mWarning at line 11654: Ignoring unrecognized block "<!-- + Headers -->".[0m
[33mWarning at line 11656: Ignoring unrecognized block "<!-- Authorization: Bearer c2778f3064753ea70de870a53795f5c9 -->".[0m
[33mWarning at line 11657: Ignoring unrecognized block "<!-- API-key: uXhEczJ56adsfh3Ri9SUkc4en -->".[0m
[33mWarning at line 11658: Ignoring unrecognized block "<!-- X-Custom-PSK: a2aa05c76f3f2d91870f923a53cc8aa8f23bbc01a8238d1c2c26d4299715a7e4 -->".[0m
[33mWarning at line 11665: Action is missing parameter definitions: id.[0m
[33mWarning at line 11688: Action is missing parameter definitions: id.[0m
[33mWarning at line 11712: Action is missing parameter definitions: id.[0m
[33mWarning at line 11742: Action is missing parameter definitions: edrpou, legal_entity_id, settlement_id, type, status, nhs_verified, page, page_size.[0m
[33mWarning at line 11792: Action is missing parameter definitions: id.[0m
[33mWarning at line 11911: Action is missing parameter definitions: id.[0m
[33mWarning at line 11940: Action is missing parameter definitions: id.[0m
[33mWarning at line 11971: Action is missing parameter definitions: id.[0m
[33mWarning at line 12088: Action is missing parameter definitions: division_id, device_definition_id, type, status, model_number, manufacturer, availability_status, recorder, inventory_number, serial_number, name, created_from, created_to, page, page_size.[0m
[33mWarning at line 12125: Action is missing parameter definitions: id.[0m
[33mWarning at line 12148: Action is missing parameter definitions: id.[0m
[33mWarning at line 12182: Action is missing parameter definitions: id.[0m
[33mWarning at line 12216: Action is missing parameter definitions: id, license_number, type, is_primary, page, page_size.[0m
[33mWarning at line 12308: Action is missing parameter definitions: contract_type, id, contractor_legal_entity_id, edrpou, contractor_owner_id, nhs_signer_id, is_suspended, status, contract_number, date_from_start_date, date_to_start_date, date_from_end_date, date_to_end_date, medical_program_id, page, page_size.[0m
[33mWarning at line 12357: Action is missing parameter definitions: contract_type, unique_12312, id, unique_12312.[0m
[33mWarning at line 12396: Action is missing parameter definitions: contract_type, id.[0m
[33mWarning at line 12427: Action is missing parameter definitions: contract_type.[0m
[33mWarning at line 12456: Action is missing parameter definitions: contract_type, id.[0m
[33mWarning at line 12655: Action is missing parameter definitions: contract_type, id.[0m
[33mWarning at line 12694: Action is missing parameter definitions: contract_type, duplicate, id, contractor_legal_entity_id, edrpou, contractor_owner_id, nhs_signer_id, issue_city, status, contract_number, medical_program_id, page, page_size.[0m
[33mWarning at line 12759: Action is missing parameter definitions: contract_type, id.[0m
[33mWarning at line 12800: Action is missing parameter definitions: contract_type, id.[0m
[33mWarning at line 12843: Action is missing parameter definitions: contract_type, id.[0m
[33mWarning at line 12917: Ignoring unrecognized block "<!-- + Parameters -->".[0m
[33mWarning at line 12918: Ignoring unrecognized block "<!-- + `contract_type` (string, required) - identifier -->".[0m
[33mWarning at line 12919: Ignoring unrecognized block "<!-- + data (object) -->".[0m
[33mWarning at line 12920: Ignoring unrecognized block "+ include Contract_Details_Capitation".[0m
[33mWarning at line 12874: Action is missing parameter definitions: contract_type, id.[0m
[33mWarning at line 12943: Action is missing parameter definitions: no_tax_id, tax_id, party_id, verification_status, edrpou, legal_entity_id, division_id, status, employee_type, page, page_size.[0m
[33mWarning at line 12986: Action is missing parameter definitions: employee_id.[0m
[33mWarning at line 13031: Action is missing parameter definitions: id.[0m
[33mWarning at line 13076: Action is missing parameter definitions: depth.[0m
[33mWarning at line 13099: Action is missing parameter definitions: depth.[0m
[33mWarning at line 13181: Action is missing parameter definitions: id, edrpou, legal_entity_name, no_tax_id, status, page, page_size.[0m
[33mWarning at line 13214: Action is missing parameter definitions: id.[0m
[33mWarning at line 13246: Action is missing parameter definitions: id, action.[0m
[33mWarning at line 13279: Action is missing parameter definitions: id.[0m
[33mWarning at line 13341: Action is missing parameter definitions: employee_id, healthcare_service_id, status, page, page_size.[0m
[33mWarning at line 13364: Action is missing parameter definitions: id, unique_13298.[0m
[33mWarning at line 13383: Action is missing parameter definitions: id.[0m
[33mWarning at line 13493: Action is missing parameter definitions: id.[0m
[33mWarning at line 13612: Ignoring unrecognized block "<!-- This method will be deprecated. Use **Reject Person Request v2**. -->".[0m
[33mWarning at line 13614: Ignoring unrecognized block "<!-- Use this method to reject previously created Person Request. -->".[0m
[33mWarning at line 13616: Ignoring unrecognized block "<!-- More detailed information - https://e-health-ua.atlassian.net/wiki/x/MYDAIw -->".[0m
[33mWarning at line 13618: Ignoring unrecognized block "+ Parameters
    + id: eeebb86d-5cba-43c9-885b-6482ecaf826b (string)".[0m
[33mWarning at line 13565: Action is missing parameter definitions: id.[0m
[33mWarning at line 13651: Action is missing parameter definitions: id.[0m
[33mWarning at line 13699: Action is missing parameter definitions: id.[0m
[33mWarning at line 13835: Action is missing parameter definitions: id.[0m
[33mWarning at line 13908: Action is missing parameter definitions: id.[0m
[33mWarning at line 13952: Action is missing parameter definitions: id.[0m
[33mWarning at line 13994: Action is missing parameter definitions: id.[0m
[33mWarning at line 14036: Action is missing parameter definitions: legal_entity_id, status, page, page_size.[0m
[33mWarning at line 14071: Action is missing parameter definitions: id.[0m
[33mWarning at line 14109: Action is missing parameter definitions: id.[0m
[33mWarning at line 14152: Action is missing parameter definitions: employee_id, legal_entity_id, status, declaration_number, page, page_size, reason.[0m
[33mWarning at line 14185: Action is missing parameter definitions: id.[0m
[33mWarning at line 14222: Action is missing parameter definitions: id.[0m
[33mWarning at line 14253: Action is missing parameter definitions: id.[0m
[33mWarning at line 14302: Action is missing parameter definitions: status, start_date_from, start_date_to, end_date_from, end_date_to, page, page_size.[0m
[33mWarning at line 14332: Action is missing parameter definitions: id.[0m
[33mWarning at line 14361: Action is missing parameter definitions: id.[0m
[33mWarning at line 14465: Action is missing parameter definitions: id.[0m
[33mWarning at line 14537: Action is missing parameter definitions: id.[0m
[33mWarning at line 14582: Action is missing parameter definitions: id.[0m
[33mWarning at line 14627: Action is missing parameter definitions: id.[0m
[33mWarning at line 14685: Action is missing parameter definitions: employee_id, legal_entity_id, status, channel, page, page_size.[0m
[33mWarning at line 14734: Action is missing parameter definitions: id.[0m
[33mWarning at line 14786: Action is missing parameter definitions: status, start_date_from, start_date_to, end_date_from, end_date_to, page, page_size, channel.[0m
[33mWarning at line 14818: Action is missing parameter definitions: id.[0m
[33mWarning at line 14853: Action is missing parameter definitions: id.[0m
[33mWarning at line 14882: Action is missing parameter definitions: id.[0m
[33mWarning at line 14909: Action is missing parameter definitions: id.[0m
[33mWarning at line 14948: Action is missing parameter definitions: id.[0m
[33mWarning at line 15062: Ignoring unrecognized block "<!-- + Parameters -->".[0m
[33mWarning at line 15063: Ignoring unrecognized block "<!-- + `page_size` (string, required) - identifier -->".[0m
[33mWarning at line 15064: Ignoring unrecognized block "<!-- + `page` (string, required) - identifier -->".[0m
[33mWarning at line 15065: Ignoring unrecognized block "+ `birth_place` (string, required) - identifier
                        + merge_person_id: bdadc2a7-7283-4f24-bc99-8d8d9808af80 (string) - identifier of a person who is recognized as a duplicate and subsequently deactivated
                        + person_id: b075f148-7f93-4fc2-b2ec-2d81b19a9b7b (string) - identifier of the person who as a result of the deduplication is recognized as true and subsequently left active
                        + updated_at: 2019-05-08T15:34:00Z (string)".[0m
[33mWarning at line 15020: Action is missing parameter definitions: first_name, last_name, second_name, birth_date, tax_id, phone_number, birth_place, birth_certificate, page, page_size.[0m
[33mWarning at line 15079: Action is missing parameter definitions: id, status, page, page_size.[0m
[33mWarning at line 15134: Action is missing parameter definitions: id.[0m
[33mWarning at line 15163: Action is missing parameter definitions: client_id, redirect_uri, scope, user_data.[0m
[33mWarning at line 15184: Action is missing parameter definitions: duplicate, client_id, redirect_uri, scope, user_data, state.[0m
[33mWarning at line 15284: Action is missing parameter definitions: patient_id.[0m
[33mWarning at line 15337: Action is missing parameter definitions: patient_id, id.[0m
[33mWarning at line 15375: Action is missing parameter definitions: patient_id, legal_entity_id, period_date, encounter_id, requisition, based_on, part_of, managing_organization_id, status, page, page_size.[0m
[33mWarning at line 15416: Action is missing parameter definitions: requisition, status, page, page_size.[0m
[33mWarning at line 15453: Action is missing parameter definitions: patient_id, id.[0m
[33mWarning at line 15510: Action is missing parameter definitions: patient_id, id.[0m
[33mWarning at line 15567: Action is missing parameter definitions: patient_id.[0m
[33mWarning at line 15595: Action is missing parameter definitions: patient_id, id.[0m
[33mWarning at line 15637: Action is missing parameter definitions: patient_id, care_plan_id.[0m
[33mWarning at line 15700: Action is missing parameter definitions: patient_id, care_plan_id.[0m
[33mWarning at line 15756: Action is missing parameter definitions: patient_id, care_plan_id, id.[0m
[33mWarning at line 15792: Action is missing parameter definitions: patient_id, care_plan_id, author, kind, status, page, page_size.[0m
[33mWarning at line 15841: Action is missing parameter definitions: patient_id, care_plan_id, id.[0m
[33mWarning at line 15917: Action is missing parameter definitions: patient_id, care_plan_id, id.[0m
[33mWarning at line 15995: Action is missing parameter definitions: patient_id, care_plan_id, id.[0m
[33mWarning at line 16067: Action is missing parameter definitions: patient_id, care_plan_id.[0m
[33mWarning at line 16120: Action is missing parameter definitions: patient_id, clinical_impression_id.[0m
[33mWarning at line 16143: Action is missing parameter definitions: patient_id, encounter_id, episode_id, code, status, page, page_size.[0m
[33mWarning at line 16178: Action is missing parameter definitions: patient_id, page, page_size, code, onset_date_from, onset_date_to.[0m
[33mWarning at line 16205: Action is missing parameter definitions: patient_id, id.[0m
[33mWarning at line 16235: Action is missing parameter definitions: patient_id, device_id.[0m
[33mWarning at line 16258: Action is missing parameter definitions: patient_id, asserted_date_from, asserted_date_to, page, page_size, type, encounter_id, episode_id.[0m
[33mWarning at line 16299: Action is missing parameter definitions: patient_id, diagnostic_report_id.[0m
[33mWarning at line 16331: Action is missing parameter definitions: patient_id, duplicate, issued_from, issued_to, page, page_size, code, encounter_id, context_episode_id, initial_episode_id.[0m
[33mWarning at line 16374: Action is missing parameter definitions: patient_id, page, page_size, code, onset_date_time_from, onset_date_time_to.[0m
[33mWarning at line 16413: Action is missing parameter definitions: patient_id, id.[0m
[33mWarning at line 16443: Action is missing parameter definitions: patient_id, status, episode_id, type, class, performer_speciality, date_from, date_to.[0m
[33mWarning at line 16484: Action is missing parameter definitions: patient_id, encounter_id.[0m
[33mWarning at line 16521: Action is missing parameter definitions: patient_id, page, page_size, code, date_from, date_to.[0m
[33mWarning at line 16586: Ignoring unrecognized block "<!-- Key                | Value -->".[0m
[33mWarning at line 16587: Ignoring unrecognized block "<!-- -------------------|----------- -->".[0m
[33mWarning at line 16588: Ignoring unrecognized block "<!-- ESOZ ENT ID        | ENT-043 -->".[0m
[33mWarning at line 16589: Ignoring unrecognized block "<!-- Link to Confluence | <a href="https://e-health-ua.atlassian.net/wiki/spaces/ESOZ/pages/17359110269/Medication+Request">Medication Request</a> -->".[0m
[33mWarning at line 16554: Action is missing parameter definitions: patient_id, id.[0m
[33mWarning at line 16615: Ignoring unrecognized block "<!-- + division_id: 2848a935-5fd7-48ba-b235-a9b5d475c647 (string) - Division identifier -->".[0m
[33mWarning at line 16616: Ignoring unrecognized block "<!-- + programs (array[Qualify_Medication_request_Request_List_program_post_data], required) - Medical programs list for qualify -->".[0m
[33mWarning at line 16591: Action is missing parameter definitions: id.[0m
[33mWarning at line 16633: Action is missing parameter definitions: person_id, legal_entity_id, employee_id, status, request_number, created_from, created_to, medication_id, intent, care_plan_id, encounter_id, episode_id, page, page_size, medical_program_id, started_at_from, started_at_to, ended_at_from, ended_at_to, dispense_valid_from_start, dispense_valid_from_end, dispense_valid_to_start, dispense_valid_to_end.[0m
[33mWarning at line 16690: Action is missing parameter definitions: care_plan_id, legal_entity_id, employee_id, person_id, status, request_number, created_from, created_to, medication_id, intent, encounter_id, page, page_size, medical_program_id, started_at_from, started_at_to, ended_at_from, ended_at_to, dispense_valid_from_start, dispense_valid_from_end, dispense_valid_to_start, dispense_valid_to_end.[0m
[33mWarning at line 16746: Action is missing parameter definitions: person_id, id.[0m
[33mWarning at line 16779: Action is missing parameter definitions: id.[0m
[33mWarning at line 16825: Action is missing parameter definitions: id.[0m
[33mWarning at line 16871: Action is missing parameter definitions: id.[0m
[33mWarning at line 16901: Action is missing parameter definitions: person_id, id.[0m
[33mWarning at line 16931: Action is missing parameter definitions: id.[0m
[33mWarning at line 16963: Action is missing parameter definitions: id.[0m
[33mWarning at line 16995: Action is missing parameter definitions: id.[0m
[33mWarning at line 17032: Action is missing parameter definitions: id.[0m
[33mWarning at line 17066: Action is missing parameter definitions: id.[0m
[33mWarning at line 17101: Action is missing parameter definitions: id.[0m
[33mWarning at line 17134: Action is missing parameter definitions: person_id, composition_id, id.[0m
[33mWarning at line 17193: Action is missing a response[0m
[33mWarning at line 17193: Action is missing parameter definitions: legal_entity_id, employee_id, person_id, status, request_number, created_from, created_to, medication_id, intent, care_plan_id, encounter_id, page, page_size.[0m
[33mWarning at line 17226: Action is missing parameter definitions: id.[0m
[33mWarning at line 17255: Action is missing parameter definitions: id.[0m
[33mWarning at line 17283: Action is missing parameter definitions: id.[0m
[33mWarning at line 17327: Ignoring unrecognized block "<!--  -->".[0m
[33mWarning at line 17329: Ignoring unrecognized block "<!-- Key                | Value -->".[0m
[33mWarning at line 17330: Ignoring unrecognized block "<!-- -------------------|----------- -->".[0m
[33mWarning at line 17331: Ignoring unrecognized block "<!-- ESOZ ENT ID        | ENT-042 -->".[0m
[33mWarning at line 17333: Ignoring unrecognized block "<!-- Link to Confluence | <a href="https://e-health-ua.atlassian.net/wiki/spaces/ESOZ/pages/17359241296/Medication+Dispense">Medication Dispense</a> -->".[0m
[33mWarning at line 17335: Ignoring unrecognized block "<!-- Medication Dispense - Indicates that a medication product has been dispensed for -->".[0m
[33mWarning at line 17336: Ignoring unrecognized block "<!-- a named person/patientDispense of medication is possible only under Medication -->".[0m
[33mWarning at line 17337: Ignoring unrecognized block "<!-- Request and during the period specified in Medication RequestMedical program - mandatory -->".[0m
[33mWarning at line 17338: Ignoring unrecognized block "<!-- attribute for the first phase. There is no options to dispense medication without -->".[0m
[33mWarning at line 17339: Ignoring unrecognized block "program Dispense details - several medications of different manufacturers
with the same innm can be dispensed at a time. Total of medication_qty should
be less or equal to medication quantity specified in Medication Request.".[0m
[33mWarning at line 17305: Action is missing parameter definitions: id.[0m
[33mWarning at line 17343: Action is missing parameter definitions: code.[0m
[33mWarning at line 17390: Action is missing parameter definitions: id.[0m
[33mWarning at line 17428: Action is missing parameter definitions: id.[0m
[33mWarning at line 17456: Action is missing parameter definitions: id, medication_request_id, legal_entity_id, division_id, status, dispensed_from, dispensed_to, care_plan_id, page, page_size.[0m
[33mWarning at line 17492: Action is missing parameter definitions: id.[0m
[33mWarning at line 17520: Action is missing parameter definitions: id.[0m
[33mWarning at line 17543: Action is missing parameter definitions: person_id, id, status.[0m
[33mWarning at line 17583: Action is missing parameter definitions: person_id, id.[0m
[33mWarning at line 17612: Action is missing parameter definitions: id, medication_request_id, legal_entity_id, division_id, status, dispensed_from, dispensed_to, care_plan_id, page, page_size.[0m
[33mWarning at line 17681: Action is missing parameter definitions: id.[0m
[33mWarning at line 17728: Ignoring unrecognized block "<!--  -->".[0m
[33mWarning at line 17730: Ignoring unrecognized block "<!-- Key                | Value -->".[0m
[33mWarning at line 17731: Ignoring unrecognized block "<!-- -------------------|----------- -->".[0m
[33mWarning at line 17732: Ignoring unrecognized block "<!-- ESOZ ENT ID        | ENT-044 -->".[0m
[33mWarning at line 17734: Ignoring unrecognized block "<!-- Link to Confluence | <a href="https://e-health-ua.atlassian.net/wiki/spaces/ESOZ/pages/17358782570/Medication+Request+Request">Medication Request Requests</a> -->".[0m
[33mWarning at line 17736: Ignoring unrecognized block "<!-- Medication request Request is a life-cycle entity that is used to perform operations on Medication requests. -->".[0m
[33mWarning at line 17737: Ignoring unrecognized block "<!-- After Medication request Request is signed it will be automatically moved to Medication requests. -->".[0m
[33mWarning at line 17705: Action is missing parameter definitions: id.[0m
[33mWarning at line 17757: Ignoring unrecognized block "<!--  -->".[0m
[33mWarning at line 17758: Ignoring unrecognized block "<!-- + Attributes (object) -->".[0m
[33mWarning at line 17760: Ignoring unrecognized block "<!-- + medication_request_request (object) -->".[0m
[33mWarning at line 17761: Ignoring unrecognized block "<!-- + include Medication_request_Request_Qualify_post_data -->".[0m
[33mWarning at line 17763: Ignoring unrecognized block "<!-- + programs (array[Qualify_Medication_request_Request_List_program_post_data], required) - Medical programs list for qualify -->".[0m
[33mWarning at line 17825: Action is missing parameter definitions: person_id, legal_entity_id, employee_id, episode_id, care_plan_id, activity_id, encounter_id, status, intent, page, page_size.[0m
[33mWarning at line 17870: Action is missing parameter definitions: care_plan_id, employee_id, person_id, status, intent, encounter_id, page, page_size.[0m
[33mWarning at line 17915: Action is missing parameter definitions: person_id, id.[0m
[33mWarning at line 17945: Action is missing parameter definitions: id.[0m
[33mWarning at line 18024: Ignoring unrecognized block "<!--  -->".[0m
[33mWarning at line 18026: Ignoring unrecognized block "<!-- Key                | Value -->".[0m
[33mWarning at line 18027: Ignoring unrecognized block "<!-- -------------------|----------- -->".[0m
[33mWarning at line 18028: Ignoring unrecognized block "<!-- ESOZ ENT ID        | ENT-045 -->".[0m
[33mWarning at line 18029: Ignoring unrecognized block "<!-- Link to Confluence | <a href="https://e-health-ua.atlassian.net/wiki/spaces/ESOZ/pages/18699747489/Medication+Statement+ENT-045">Medication Statement</a> -->".[0m
[33mWarning at line 17995: Action is missing parameter definitions: id.[0m
[33mWarning at line 18052: Ignoring unrecognized block "<!--  -->".[0m
[33mWarning at line 18053: Ignoring unrecognized block "<!-- + data (Medication_Statement_Response) -->".[0m
[33mWarning at line 18031: Action is missing parameter definitions: patient_id, medication_statement_id.[0m
[33mWarning at line 18055: Action is missing parameter definitions: patient_id, duplicate, asserted_date_from, asserted_date_to, page, page_size, medication_code, encounter_id, episode_id.[0m
[33mWarning at line 18108: Action is missing parameter definitions: patient_id, page, page_size, code, issued_from, issued_to.[0m
[33mWarning at line 18135: Action is missing parameter definitions: patient_id, id.[0m
[33mWarning at line 18158: Action is missing parameter definitions: patient_id, observation_id.[0m
[33mWarning at line 18181: Action is missing parameter definitions: patient_id, encounter_id, diagnostic_report_id, episode_id, code, issued_from, issued_to, page, page_size.[0m
[33mWarning at line 18239: Action is missing parameter definitions: patient_id, procedure_id.[0m
[33mWarning at line 18262: Action is missing parameter definitions: patient_id, status, episode_id, code, service_request_id, recorded_by, managing_organization_id.[0m
[33mWarning at line 18304: Action is missing parameter definitions: patient_id.[0m
[33mWarning at line 18338: Action is missing a response[0m
[33mWarning at line 18351: Action is missing parameter definitions: patient_id, id.[0m
[33mWarning at line 18384: Action is missing parameter definitions: patient_id, id, status, episode_id, encounter_id, code, based_on, recorded_by, managing_organization_id, device_id.[0m
[33mWarning at line 18426: Action is missing parameter definitions: person_id, id.[0m
[33mWarning at line 18511: Action is missing parameter definitions: patient_id, risk_assessment_id.[0m
[33mWarning at line 18563: Ignoring unrecognized block "<!-- + Response 200 (application/json) -->".[0m
[33mWarning at line 18564: Ignoring unrecognized block "<!-- + Attributes (Response_Collection) -->".[0m
[33mWarning at line 18566: Ignoring unrecognized block "<!-- + data (array[Risk_Assessment_Response]) -->".[0m
[33mWarning at line 18570: Ignoring unrecognized block "<!-- Key                | Value -->".[0m
[33mWarning at line 18571: Ignoring unrecognized block "<!-- -------------------|----------- -->".[0m
[33mWarning at line 18572: Ignoring unrecognized block "<!-- ESOZ ENT ID        | ENT-062 -->".[0m
[33mWarning at line 18573: Ignoring unrecognized block "<!-- Link to Confluence | <a href="https://e-health-ua.atlassian.net/wiki/spaces/ESOZ/pages/17479991344/Service+Request">Service Request</a> -->".[0m
[33mWarning at line 18534: Action is missing a response[0m
[33mWarning at line 18534: Action is missing parameter definitions: patient_id, code, asserted_date_from, asserted_date_to, page, page_size, encounter_id, episode_id.[0m
[33mWarning at line 18575: Action is missing parameter definitions: patient_id.[0m
[33mWarning at line 18636: Action is missing parameter definitions: patient_id.[0m
[33mWarning at line 18681: Action is missing parameter definitions: patient_id, episode_id.[0m
[33mWarning at line 18715: Action is missing parameter definitions: patient_id.[0m
[33mWarning at line 18758: Action is missing parameter definitions: patient_id, episode_id, service_request_id.[0m
[33mWarning at line 18792: Action is missing parameter definitions: patient_id, service_request_id.[0m
[33mWarning at line 18825: Action is missing parameter definitions: patient_id, service_request_id.[0m
[33mWarning at line 18869: Action is missing parameter definitions: patient_id, service_request_id.[0m
[33mWarning at line 18907: Action is missing parameter definitions: patient_id, service_request_id.[0m
[33mWarning at line 18975: Action is missing parameter definitions: service_request_id.[0m
[33mWarning at line 19010: Action is missing parameter definitions: service_request_id.[0m
[33mWarning at line 19040: Action is missing parameter definitions: service_request_id.[0m
[33mWarning at line 19068: Action is missing parameter definitions: service_request_id.[0m
[33mWarning at line 19095: Action is missing parameter definitions: service_request_id.[0m
[33mWarning at line 19138: Action is missing parameter definitions: specimen_id.[0m
[33mWarning at line 19178: Action is missing parameter definitions: parent_id.[0m
[33mWarning at line 19201: Action is missing parameter definitions: patient_id, service_request_id.[0m
[33mWarning at line 19233: Action is missing parameter definitions: parent_id, service_request_id.[0m
[33mWarning at line 19274: Action is missing parameter definitions: id.[0m
[33mWarning at line 19310: Action is missing parameter definitions: patient_id, period_from, period_to, status, page, page_size.[0m
[33mWarning at line 19345: Action is missing parameter definitions: patient_id, episode_id.[0m
[33mWarning at line 19368: Action is missing parameter definitions: patient_id.[0m
[33mWarning at line 19399: Action is missing parameter definitions: patient_id, episode_id.[0m
[33mWarning at line 19436: Action is missing parameter definitions: patient_id, episode_id.[0m
[33mWarning at line 19473: Action is missing parameter definitions: patient_id, episode_id.[0m
[33mWarning at line 19534: Action is missing parameter definitions: patient_id, clinical_impression_id.[0m
[33mWarning at line 19557: Action is missing parameter definitions: patient_id, condition_id.[0m
[33mWarning at line 19580: Action is missing parameter definitions: patient_id, device_id.[0m
[33mWarning at line 19603: Action is missing parameter definitions: patient_id, diagnostic_report_id.[0m
[33mWarning at line 19629: Action is missing parameter definitions: patient_id, episode_id, date_from, date_to, page, page_size.[0m
[33mWarning at line 19658: Action is missing parameter definitions: patient_id, immunization_id.[0m
[33mWarning at line 19681: Action is missing parameter definitions: patient_id, medication_administration_id.[0m
[33mWarning at line 19704: Action is missing parameter definitions: patient_id, medication_statement_id.[0m
[33mWarning at line 19727: Action is missing parameter definitions: patient_id, observation_id.[0m
[33mWarning at line 19750: Action is missing parameter definitions: patient_id, procedure_id.[0m
[33mWarning at line 19773: Action is missing parameter definitions: patient_id, risk_assessment_id.[0m
[33mWarning at line 19796: Action is missing parameter definitions: patient_id, device_association_id.[0m
[33mWarning at line 19819: Action is missing parameter definitions: patient_id, detected_issue_id.[0m
[33mWarning at line 19843: Action is missing parameter definitions: patient_id, period_from, period_to, diagnoses_group_id, managing_organization_id, page, page_size.[0m
[33mWarning at line 19879: Action is missing parameter definitions: patient_id, period_from, period_to, page, page_size.[0m
[33mWarning at line 19922: Action is missing parameter definitions: patient_id.[0m
[33mWarning at line 19948: Action is missing parameter definitions: patient_id.[0m
[33mWarning at line 19995: Ignoring unrecognized block "<!-- + Parameters -->".[0m
[33mWarning at line 19982: Action is missing parameter definitions: patient_id.[0m
[33mWarning at line 20003: Action is missing parameter definitions: patient_id, id.[0m
[33mWarning at line 20027: Action is missing parameter definitions: patient_id, composition_id.[0m
[33mWarning at line 20062: Action is missing parameter definitions: patient_id, id.[0m
[33mWarning at line 20133: Ignoring unrecognized block "<!-- + Parameters -->".[0m
[33mWarning at line 20134: Ignoring unrecognized block "<!-- + `page_size` (string, required) - identifier -->".[0m
[33mWarning at line 20135: Ignoring unrecognized block "<!-- + `page` (string, required) - identifier -->".[0m
[33mWarning at line 20136: Ignoring unrecognized block "+ `date` (string, required) - identifier
        + `type` (string, required) - identifier
        + `encounter_id` (string, required) - identifier
        + `patient_id` (string, required) - identifier".[0m
[33mWarning at line 20111: Action is missing parameter definitions: patient_id, id.[0m
[33mWarning at line 20148: Action is missing parameter definitions: patient_id, patient_id, encounter_id, type, date, page, page_size.[0m
[33mWarning at line 20189: Action is missing parameter definitions: patient_id, id.[0m
[33mWarning at line 20213: Action is missing parameter definitions: patient_id, id, device_dispense_id.[0m
[33mWarning at line 20237: Action is missing parameter definitions: patient_id, id, device_request_id.[0m
[33mWarning at line 20261: Action is missing parameter definitions: type, category, page, page_size.[0m
[33mWarning at line 20287: Action is missing parameter definitions: patient_id, id, episode_id.[0m
[33mWarning at line 20311: Action is missing parameter definitions: patient_id, id, diagnostic_report_id.[0m
[33mWarning at line 20335: Action is missing parameter definitions: patient_id, id, encounter_id.[0m
[33mWarning at line 20359: Action is missing parameter definitions: patient_id, id, care_plan_id.[0m
[33mWarning at line 20383: Action is missing parameter definitions: patient_id, id, procedure_id.[0m
[33mWarning at line 20411: Action is missing parameter definitions: patient_id, id, condition_id.[0m
[33mWarning at line 20439: Action is missing parameter definitions: patient_id, id, observation_id.[0m
[33mWarning at line 20467: Action is missing parameter definitions: patient_id, id, immunization_id.[0m
[33mWarning at line 20491: Action is missing parameter definitions: patient_id, id, service_request_id.[0m
[33mWarning at line 20516: Action is missing parameter definitions: person_id, composition_id, id.[0m
[33mWarning at line 20551: Action is missing parameter definitions: person_id, composition_id, id.[0m
[33mWarning at line 20581: Action is missing parameter definitions: patient_id, id, clinical_impression_id.[0m
[33mWarning at line 20612: Action is missing parameter definitions: patient_id.[0m
[33mWarning at line 20651: Action is missing a response[0m
[33mWarning at line 20651: Action is missing parameter definitions: patient_id.[0m
[33mWarning at line 20693: Action is missing parameter definitions: patient_id, type, status, registered_by, collected_from, collected_to, container_identifier, container_type, parent, request, encounter, page, page_size.[0m
[33mWarning at line 20740: Action is missing parameter definitions: patient_id, id.[0m
[33mWarning at line 20764: Action is missing parameter definitions: accession_identifier.[0m
[33mWarning at line 20793: Action is missing parameter definitions: patient_id, id.[0m
[33mWarning at line 20833: Action is missing parameter definitions: patient_id, id.[0m
[33mWarning at line 20877: Action is missing parameter definitions: patient_id, id.[0m
[33mWarning at line 20923: Action is missing parameter definitions: patient_id, id.[0m
[33mWarning at line 20952: Action is missing parameter definitions: patient_id, id.[0m
