[33mWarning at line 2534: "object" with value definition. You should use type definition without value, e.g., "+ key (object)"[0m
[33mWarning at line 4692: Ignoring unrecognized block "<!-- #Party -->".[0m
[33mWarning at line 4697: Ignoring unrecognized block "<!-- + last_name: Іванов (string) -->".[0m
[33mWarning at line 4698: Ignoring unrecognized block "<!-- + second_name: Миколайович (string) -->".[0m
[33mWarning at line 6352: "object" with value definition. You should use type definition without value, e.g., "+ key (object)"[0m
[33mWarning at line 10737: Action is missing parameter definitions: id.[0m
[33mWarning at line 10959: Action is missing parameter definitions: unique_10929, duplicate, duplicate_1.[0m
[33mWarning at line 10959: Action "GET /api/v2/dictionaries" already defined.[0m
[33mWarning at line 11032: "object" with value definition. You should use type definition without value, e.g., "+ key (object)"[0m
[33mWarning at line 11008: Action is missing parameter definitions: name, is_active, value_code.[0m
[33mWarning at line 11636: Ignoring unrecognized block "<!-- + Headers -->".[0m
[33mWarning at line 11638: Ignoring unrecognized block "<!-- Authorization: Bearer c2778f3064753ea70de870a53795f5c9 -->".[0m
[33mWarning at line 11639: Ignoring unrecognized block "<!-- API-key: uXhEczJ56adsfh3Ri9SUkc4en -->".[0m
[33mWarning at line 11640: Ignoring unrecognized block "X-Custom-PSK: a2aa05c76f3f2d91870f923a53cc8aa8f23bbc01a8238d1c2c26d4299715a7e4".[0m
[33mWarning at line 11663: Ignoring unrecognized block "<!-- + Headers -->".[0m
[33mWarning at line 11665: Ignoring unrecognized block "<!-- Authorization: Bearer c2778f3064753ea70de870a53795f5c9 -->".[0m
[33mWarning at line 11666: Ignoring unrecognized block "<!-- API-key: uXhEczJ56adsfh3Ri9SUkc4en -->".[0m
[33mWarning at line 11667: Ignoring unrecognized block "X-Custom-PSK: a2aa05c76f3f2d91870f923a53cc8aa8f23bbc01a8238d1c2c26d4299715a7e4".[0m
[33mWarning at line 11697: Action is missing parameter definitions: id.[0m
[33mWarning at line 12318: Action is missing parameter definitions: contract_type.[0m
[33mWarning at line 12368: Action is missing parameter definitions: contract_type, unique_12312, unique_12312.[0m
[33mWarning at line 12410: Action is missing parameter definitions: contract_type.[0m
[33mWarning at line 12442: Action is missing parameter definitions: contract_type.[0m
[33mWarning at line 12472: Action is missing parameter definitions: contract_type, id.[0m
[33mWarning at line 12673: Action is missing parameter definitions: contract_type.[0m
[33mWarning at line 12713: Action is missing parameter definitions: contract_type, unique_12643, duplicate, id, contractor_legal_entity_id, edrpou, contractor_owner_id, nhs_signer_id, issue_city, status, contract_number, medical_program_id, page, page_size.[0m
[33mWarning at line 12792: Action is missing parameter definitions: contract_type.[0m
[33mWarning at line 12834: Action is missing parameter definitions: contract_type.[0m
[33mWarning at line 12878: Action is missing parameter definitions: contract_type.[0m
[33mWarning at line 12954: Ignoring unrecognized block "<!-- + Parameters -->".[0m
[33mWarning at line 12955: Ignoring unrecognized block "<!-- + `contract_type` (string, required) - identifier -->".[0m
[33mWarning at line 12956: Ignoring unrecognized block "+ data (object)
            + include Contract_Details_Capitation".[0m
[33mWarning at line 12910: Action is missing parameter definitions: contract_type.[0m
[33mWarning at line 12980: Action is missing parameter definitions: verification_status.[0m
[33mWarning at line 13403: Action is missing parameter definitions: id, unique_13298.[0m
[33mWarning at line 13652: Ignoring unrecognized block "<!-- This method will be deprecated. Use **Reject Person Request v2**. -->".[0m
[33mWarning at line 13654: Ignoring unrecognized block "<!-- Use this method to reject previously created Person Request. -->".[0m
[33mWarning at line 13656: Ignoring unrecognized block "<!-- More detailed information - https://e-health-ua.atlassian.net/wiki/x/MYDAIw -->".[0m
[33mWarning at line 14076: Action is missing parameter definitions: legal_entity_id.[0m
[33mWarning at line 14403: Action is missing parameter definitions: id.[0m
[33mWarning at line 14897: Action is missing parameter definitions: id.[0m
[33mWarning at line 15114: Ignoring unrecognized block "<!-- + Parameters -->".[0m
[33mWarning at line 15115: Ignoring unrecognized block "<!-- + `page_size` (string, required) - identifier -->".[0m
[33mWarning at line 15116: Ignoring unrecognized block "+ `page` (string, required) - identifier
        + `birth_place` (string, required) - identifier
                        + merge_person_id: bdadc2a7-7283-4f24-bc99-8d8d9808af80 (string) - identifier of a person who is recognized as a duplicate and subsequently deactivated
                        + person_id: b075f148-7f93-4fc2-b2ec-2d81b19a9b7b (string) - identifier of the person who as a result of the deduplication is recognized as true and subsequently left active
                        + updated_at: 2019-05-08T15:34:00Z (string)".[0m
[33mWarning at line 15066: Action is missing parameter definitions: birth_place, page, page_size.[0m
[33mWarning at line 15236: Action is missing parameter definitions: unique_15114, duplicate.[0m
[33mWarning at line 15236: Action "GET /sign-in" already defined.[0m
[33mWarning at line 15430: Action is missing parameter definitions: legal_entity_id, requisition.[0m
[33mWarning at line 15473: Action is missing parameter definitions: requisition, status, page, page_size.[0m
[33mWarning at line 15628: Action is missing parameter definitions: patient_id.[0m
[33mWarning at line 15656: Action is missing parameter definitions: patient_id, id.[0m
[33mWarning at line 16056: Action is missing parameter definitions: patient_id, care_plan_id, id.[0m
[33mWarning at line 16128: Action is missing parameter definitions: patient_id, care_plan_id.[0m
[33mWarning at line 16319: Action is missing parameter definitions: patient_id, asserted_date_from, asserted_date_to, page, page_size, type, encounter_id, episode_id.[0m
[33mWarning at line 16368: Action is missing parameter definitions: patient_id, diagnostic_report_id.[0m
[33mWarning at line 16402: Action is missing parameter definitions: patient_id, duplicate, issued_from, issued_to, page, page_size, code, encounter_id, context_episode_id, initial_episode_id.[0m
[33mWarning at line 16455: Action is missing parameter definitions: patient_id, page, page_size, code, onset_date_time_from, onset_date_time_to.[0m
[33mWarning at line 16530: Action is missing parameter definitions: date_from, date_to.[0m
[33mWarning at line 16610: Action is missing parameter definitions: patient_id, page, page_size, code, date_from, date_to.[0m
[33mWarning at line 16683: Ignoring unrecognized block "<!-- Key                | Value -->".[0m
[33mWarning at line 16684: Ignoring unrecognized block "<!-- -------------------|----------- -->".[0m
[33mWarning at line 16685: Ignoring unrecognized block "<!-- ESOZ ENT ID        | ENT-043 -->".[0m
[33mWarning at line 16686: Ignoring unrecognized block "Link to Confluence | <a href="https://e-health-ua.atlassian.net/wiki/spaces/ESOZ/pages/17359110269/Medication+Request">Medication Request</a>".[0m
[33mWarning at line 16649: Action is missing parameter definitions: patient_id, id.[0m
[33mWarning at line 16712: Ignoring unrecognized block "<!-- + division_id: 2848a935-5fd7-48ba-b235-a9b5d475c647 (string) - Division identifier -->".[0m
[33mWarning at line 16713: Ignoring unrecognized block "<!-- + programs (array[Qualify_Medication_request_Request_List_program_post_data], required) - Medical programs list for qualify -->".[0m
[33mWarning at line 16787: Action is missing parameter definitions: care_plan_id.[0m
[33mWarning at line 17292: Action is missing a response[0m
[33mWarning at line 17382: Action is missing parameter definitions: id.[0m
[33mWarning at line 17426: Ignoring unrecognized block "<!--  -->".[0m
[33mWarning at line 17428: Ignoring unrecognized block "<!-- Key                | Value -->".[0m
[33mWarning at line 17429: Ignoring unrecognized block "<!-- -------------------|----------- -->".[0m
[33mWarning at line 17430: Ignoring unrecognized block "<!-- ESOZ ENT ID        | ENT-042 -->".[0m
[33mWarning at line 17432: Ignoring unrecognized block "<!-- Link to Confluence | <a href="https://e-health-ua.atlassian.net/wiki/spaces/ESOZ/pages/17359241296/Medication+Dispense">Medication Dispense</a> -->".[0m
[33mWarning at line 17434: Ignoring unrecognized block "<!-- Medication Dispense - Indicates that a medication product has been dispensed for -->".[0m
[33mWarning at line 17435: Ignoring unrecognized block "<!-- a named person/patientDispense of medication is possible only under Medication -->".[0m
[33mWarning at line 17436: Ignoring unrecognized block "<!-- Request and during the period specified in Medication RequestMedical program - mandatory -->".[0m
[33mWarning at line 17437: Ignoring unrecognized block "attribute for the first phase. There is no options to dispense medication without
program Dispense details - several medications of different manufacturers
with the same innm can be dispensed at a time. Total of medication_qty should
be less or equal to medication quantity specified in Medication Request.".[0m
[33mWarning at line 17404: Action is missing parameter definitions: id.[0m
[33mWarning at line 17442: Action is missing parameter definitions: code.[0m
[33mWarning at line 17683: Action is missing parameter definitions: person_id.[0m
[33mWarning at line 17713: Action is missing parameter definitions: id, medication_request_id, legal_entity_id, division_id, status, dispensed_from, dispensed_to, care_plan_id, page, page_size.[0m
[33mWarning at line 17792: Action is missing parameter definitions: id.[0m
[33mWarning at line 17839: Ignoring unrecognized block "<!--  -->".[0m
[33mWarning at line 17841: Ignoring unrecognized block "<!-- Key                | Value -->".[0m
[33mWarning at line 17842: Ignoring unrecognized block "<!-- -------------------|----------- -->".[0m
[33mWarning at line 17843: Ignoring unrecognized block "<!-- ESOZ ENT ID        | ENT-044 -->".[0m
[33mWarning at line 17845: Ignoring unrecognized block "<!-- Link to Confluence | <a href="https://e-health-ua.atlassian.net/wiki/spaces/ESOZ/pages/17358782570/Medication+Request+Request">Medication Request Requests</a> -->".[0m
[33mWarning at line 17847: Ignoring unrecognized block "<!-- Medication request Request is a life-cycle entity that is used to perform operations on Medication requests. -->".[0m
[33mWarning at line 17848: Ignoring unrecognized block "<!-- After Medication request Request is signed it will be automatically moved to Medication requests. -->".[0m
[33mWarning at line 17816: Action is missing parameter definitions: id.[0m
[33mWarning at line 17868: Ignoring unrecognized block "<!--  -->".[0m
[33mWarning at line 17869: Ignoring unrecognized block "<!-- + Attributes (object) -->".[0m
[33mWarning at line 17871: Ignoring unrecognized block "<!-- + medication_request_request (object) -->".[0m
[33mWarning at line 17872: Ignoring unrecognized block "+ include Medication_request_Request_Qualify_post_data".[0m
[33mWarning at line 17874: Ignoring unrecognized block "<!-- + programs (array[Qualify_Medication_request_Request_List_program_post_data], required) - Medical programs list for qualify -->".[0m
[33mWarning at line 17981: Action is missing parameter definitions: care_plan_id.[0m
[33mWarning at line 18137: Ignoring unrecognized block "<!--  -->".[0m
[33mWarning at line 18139: Ignoring unrecognized block "<!-- Key                | Value -->".[0m
[33mWarning at line 18140: Ignoring unrecognized block "<!-- -------------------|----------- -->".[0m
[33mWarning at line 18141: Ignoring unrecognized block "<!-- ESOZ ENT ID        | ENT-045 -->".[0m
[33mWarning at line 18142: Ignoring unrecognized block "Link to Confluence | <a href="https://e-health-ua.atlassian.net/wiki/spaces/ESOZ/pages/18699747489/Medication+Statement+ENT-045">Medication Statement</a>".[0m
[33mWarning at line 18165: Ignoring unrecognized block "<!--  -->".[0m
[33mWarning at line 18166: Ignoring unrecognized block "<!-- + data (Medication_Statement_Response) -->".[0m
[33mWarning at line 18168: Action is missing parameter definitions: patient_id, duplicate, asserted_date_from, asserted_date_to, page, page_size, medication_code, encounter_id, episode_id.[0m
[33mWarning at line 18303: Action is missing parameter definitions: patient_id, encounter_id, diagnostic_report_id, episode_id, code, issued_from, issued_to, page, page_size.[0m
[33mWarning at line 18393: Action is missing parameter definitions: patient_id, status, episode_id, code, service_request_id, recorded_by, managing_organization_id.[0m
[33mWarning at line 18472: Action is missing a response[0m
[33mWarning at line 18485: Action is missing parameter definitions: patient_id, id.[0m
[33mWarning at line 18520: Action is missing parameter definitions: patient_id, id, status, episode_id, encounter_id, code, based_on, recorded_by, managing_organization_id, device_id.[0m
[33mWarning at line 18572: Action is missing parameter definitions: person_id, id.[0m
[33mWarning at line 18719: Ignoring unrecognized block "<!-- + Response 200 (application/json) -->".[0m
[33mWarning at line 18720: Ignoring unrecognized block "<!-- + Attributes (Response_Collection) -->".[0m
[33mWarning at line 18722: Ignoring unrecognized block "<!-- + data (array[Risk_Assessment_Response]) -->".[0m
[33mWarning at line 18726: Ignoring unrecognized block "<!-- Key                | Value -->".[0m
[33mWarning at line 18727: Ignoring unrecognized block "<!-- -------------------|----------- -->".[0m
[33mWarning at line 18728: Ignoring unrecognized block "<!-- ESOZ ENT ID        | ENT-062 -->".[0m
[33mWarning at line 18729: Ignoring unrecognized block "Link to Confluence | <a href="https://e-health-ua.atlassian.net/wiki/spaces/ESOZ/pages/17479991344/Service+Request">Service Request</a>".[0m
[33mWarning at line 18682: Action is missing a response[0m
[33mWarning at line 18682: Action is missing parameter definitions: patient_id, code, asserted_date_from, asserted_date_to, page, page_size, encounter_id, episode_id.[0m
[33mWarning at line 18981: Action is missing parameter definitions: patient_id, service_request_id.[0m
[33mWarning at line 19027: Action is missing parameter definitions: patient_id, service_request_id.[0m
[33mWarning at line 19338: Action is missing parameter definitions: parent_id.[0m
[33mWarning at line 19363: Action is missing parameter definitions: patient_id, service_request_id.[0m
[33mWarning at line 19397: Action is missing parameter definitions: parent_id, service_request_id.[0m
[33mWarning at line 19440: Action is missing parameter definitions: id.[0m
[33mWarning at line 19641: Action is missing parameter definitions: patient_id, episode_id.[0m
[33mWarning at line 19799: Action is missing parameter definitions: patient_id, episode_id, date_from, date_to, page, page_size.[0m
[33mWarning at line 20055: Action is missing parameter definitions: period_from, period_to.[0m
[33mWarning at line 20173: Ignoring unrecognized block "<!-- + Parameters -->".[0m
[33mWarning at line 20160: Action is missing parameter definitions: patient_id.[0m
[33mWarning at line 20181: Action is missing parameter definitions: patient_id, id.[0m
[33mWarning at line 20313: Ignoring unrecognized block "<!-- + Parameters -->".[0m
[33mWarning at line 20314: Ignoring unrecognized block "<!-- + `page_size` (string, required) - identifier -->".[0m
[33mWarning at line 20315: Ignoring unrecognized block "+ `page` (string, required) - identifier
        + `date` (string, required) - identifier
        + `type` (string, required) - identifier
        + `encounter_id` (string, required) - identifier
        + `patient_id` (string, required) - identifier".[0m
[33mWarning at line 20291: Action is missing parameter definitions: patient_id, id.[0m
[33mWarning at line 20328: Action is missing parameter definitions: patient_id, patient_id, encounter_id, type, date, page, page_size.[0m
[33mWarning at line 20704: Action "GET /api/persons/{person_id}/compositions/{composition_id}/medication_requests/" already defined.[0m
[33mWarning at line 20839: Action is missing a response[0m
[33mWarning at line 20839: Action is missing parameter definitions: patient_id.[0m
[33mWarning at line 20883: Action is missing parameter definitions: patient_id, type, status, registered_by, collected_from, collected_to, container_identifier, container_type, parent, request, encounter, page, page_size.[0m
