[33mWarning at line 2529: "object" with value definition. You should use type definition without value, e.g., "+ key (object)"[0m
[33mWarning at line 4665: Ignoring unrecognized block "<!-- #Party -->".[0m
[33mWarning at line 4670: Ignoring unrecognized block "<!-- + last_name: Іванов (string) -->".[0m
[33mWarning at line 4671: Ignoring unrecognized block "<!-- + second_name: Миколайович (string) -->".[0m
[33mWarning at line 6320: "object" with value definition. You should use type definition without value, e.g., "+ key (object)"[0m
[33mWarning at line 7467: sub-types of primitive types should not have nested members, ignoring unrecognized block "- MALE".[0m
[33mWarning at line 7467: sub-types of primitive types should not have nested members, ignoring unrecognized block "- FEMALE".[0m
[33mWarning at line 7576: sub-types of primitive types should not have nested members, ignoring unrecognized block "- MALE".[0m
[33mWarning at line 7576: sub-types of primitive types should not have nested members, ignoring unrecognized block "- FEMALE".[0m
[33mWarning at line 7606: "object" with value definition. You should use type definition without value, e.g., "+ key (object)"[0m
[33mWarning at line 8005: "object" with value definition. You should use type definition without value, e.g., "+ key (object)"[0m
[33mWarning at line 8469: sub-types of primitive types should not have nested members, ignoring unrecognized block "- MALE".[0m
[33mWarning at line 8469: sub-types of primitive types should not have nested members, ignoring unrecognized block "- FEMALE".[0m
[33mWarning at line 8503: "object" with value definition. You should use type definition without value, e.g., "+ key (object)"[0m
[33mWarning at line 8601: sub-types of primitive types should not have nested members, ignoring unrecognized block "- MALE".[0m
[33mWarning at line 8601: sub-types of primitive types should not have nested members, ignoring unrecognized block "- FEMALE".[0m
[33mWarning at line 8690: sub-types of primitive types should not have nested members, ignoring unrecognized block "- MALE".[0m
[33mWarning at line 8690: sub-types of primitive types should not have nested members, ignoring unrecognized block "- FEMALE".[0m
[33mWarning at line 9735: sub-types of primitive types should not have nested members, ignoring unrecognized block "- MALE".[0m
[33mWarning at line 9735: sub-types of primitive types should not have nested members, ignoring unrecognized block "- FEMALE".[0m
[33mWarning at line 10709: Action is missing parameter definitions: id.[0m
[33mWarning at line 10930: Action is missing parameter definitions: unique_10929, duplicate, duplicate_1.[0m
[33mWarning at line 10930: Action "GET /api/v2/dictionaries" already defined.[0m
[33mWarning at line 10997: "object" with value definition. You should use type definition without value, e.g., "+ key (object)"[0m
[33mWarning at line 10976: Action is missing parameter definitions: name, is_active, value_code.[0m
[33mWarning at line 11603: Ignoring unrecognized block "<!-- + Headers -->".[0m
[33mWarning at line 11605: Ignoring unrecognized block "<!-- Authorization: Bearer c2778f3064753ea70de870a53795f5c9 -->".[0m
[33mWarning at line 11606: Ignoring unrecognized block "API-key: uXhEczJ56adsfh3Ri9SUkc4en
            X-Custom-PSK: a2aa05c76f3f2d91870f923a53cc8aa8f23bbc01a8238d1c2c26d4299715a7e4".[0m
[33mWarning at line 11630: Ignoring unrecognized block "<!-- + Headers -->".[0m
[33mWarning at line 11632: Ignoring unrecognized block "<!-- Authorization: Bearer c2778f3064753ea70de870a53795f5c9 -->".[0m
[33mWarning at line 11633: Ignoring unrecognized block "API-key: uXhEczJ56adsfh3Ri9SUkc4en
            X-Custom-PSK: a2aa05c76f3f2d91870f923a53cc8aa8f23bbc01a8238d1c2c26d4299715a7e4".[0m
[33mWarning at line 11664: Action is missing parameter definitions: id.[0m
[33mWarning at line 12273: Action is missing parameter definitions: contract_type.[0m
[33mWarning at line 12322: Action is missing parameter definitions: contract_type, unique_12312, unique_12312.[0m
[33mWarning at line 12361: Action is missing parameter definitions: contract_type.[0m
[33mWarning at line 12392: Action is missing parameter definitions: contract_type.[0m
[33mWarning at line 12421: Action is missing parameter definitions: contract_type, id.[0m
[33mWarning at line 12620: Action is missing parameter definitions: contract_type.[0m
[33mWarning at line 12659: Action is missing parameter definitions: contract_type, unique_12643, duplicate, id, contractor_legal_entity_id, edrpou, contractor_owner_id, nhs_signer_id, issue_city, status, contract_number, medical_program_id, page, page_size.[0m
[33mWarning at line 12724: Action is missing parameter definitions: contract_type.[0m
[33mWarning at line 12765: Action is missing parameter definitions: contract_type.[0m
[33mWarning at line 12808: Action is missing parameter definitions: contract_type.[0m
[33mWarning at line 12882: Ignoring unrecognized block "<!-- + Parameters -->".[0m
[33mWarning at line 12883: Ignoring unrecognized block "+ `contract_type` (string, required) - identifier
        + data (object)
            + include Contract_Details_Capitation".[0m
[33mWarning at line 12839: Action is missing parameter definitions: contract_type.[0m
[33mWarning at line 12908: Action is missing parameter definitions: verification_status.[0m
[33mWarning at line 13079: "Headers" is expected to be a pre-formatted code block, every of its line indented by exactly 12 spaces or 3 tabs[0m
[33mWarning at line 13331: Action is missing parameter definitions: id, unique_13298.[0m
[33mWarning at line 13578: Ignoring unrecognized block "<!-- This method will be deprecated. Use **Reject Person Request v2**. -->".[0m
[33mWarning at line 13580: Ignoring unrecognized block "<!-- Use this method to reject previously created Person Request. -->".[0m
[33mWarning at line 13582: Ignoring unrecognized block "<!-- More detailed information - https://e-health-ua.atlassian.net/wiki/x/MYDAIw -->".[0m
[33mWarning at line 14002: Action is missing parameter definitions: legal_entity_id.[0m
[33mWarning at line 14328: Action is missing parameter definitions: id.[0m
[33mWarning at line 14821: Action is missing parameter definitions: id.[0m
[33mWarning at line 15034: Ignoring unrecognized block "<!-- + Parameters -->".[0m
[33mWarning at line 15035: Ignoring unrecognized block "+ `page_size` (string, required) - identifier
        + `page` (string, required) - identifier
        + `birth_place` (string, required) - identifier
                        + merge_person_id: bdadc2a7-7283-4f24-bc99-8d8d9808af80 (string) - identifier of a person who is recognized as a duplicate and subsequently deactivated
                        + person_id: b075f148-7f93-4fc2-b2ec-2d81b19a9b7b (string) - identifier of the person who as a result of the deduplication is recognized as true and subsequently left active
                        + updated_at: 2019-05-08T15:34:00Z (string)".[0m
[33mWarning at line 14989: Action is missing parameter definitions: birth_place, page, page_size.[0m
[33mWarning at line 15156: Action is missing parameter definitions: unique_15114, duplicate.[0m
[33mWarning at line 15156: Action "GET /sign-in" already defined.[0m
[33mWarning at line 15348: Action is missing parameter definitions: legal_entity_id, requisition.[0m
[33mWarning at line 15389: Action is missing parameter definitions: requisition, status, page, page_size.[0m
[33mWarning at line 15540: Action is missing parameter definitions: patient_id.[0m
[33mWarning at line 15567: Action is missing parameter definitions: patient_id, id.[0m
[33mWarning at line 15965: Action is missing parameter definitions: patient_id, care_plan_id, id.[0m
[33mWarning at line 16034: Action is missing parameter definitions: patient_id, care_plan_id.[0m
[33mWarning at line 16223: Action is missing parameter definitions: patient_id, asserted_date_from, asserted_date_to, page, page_size, type, encounter_id, episode_id.[0m
[33mWarning at line 16264: Action is missing parameter definitions: patient_id, diagnostic_report_id.[0m
[33mWarning at line 16296: Action is missing parameter definitions: patient_id, duplicate, issued_from, issued_to, page, page_size, code, encounter_id, context_episode_id, initial_episode_id.[0m
[33mWarning at line 16339: Action is missing parameter definitions: patient_id, page, page_size, code, onset_date_time_from, onset_date_time_to.[0m
[33mWarning at line 16408: Action is missing parameter definitions: date_from, date_to.[0m
[33mWarning at line 16486: Action is missing parameter definitions: patient_id, page, page_size, code, date_from, date_to.[0m
[33mWarning at line 16551: Ignoring unrecognized block "<!-- Key                | Value -->".[0m
[33mWarning at line 16552: Ignoring unrecognized block "<!-- -------------------|----------- -->".[0m
[33mWarning at line 16553: Ignoring unrecognized block "ESOZ ENT ID        | ENT-043
Link to Confluence | <a href="https://e-health-ua.atlassian.net/wiki/spaces/ESOZ/pages/17359110269/Medication+Request">Medication Request</a>".[0m
[33mWarning at line 16519: Action is missing parameter definitions: patient_id, id.[0m
[33mWarning at line 16580: Ignoring unrecognized block "<!-- + division_id: 2848a935-5fd7-48ba-b235-a9b5d475c647 (string) - Division identifier -->".[0m
[33mWarning at line 16581: Ignoring unrecognized block "<!-- + programs (array[Qualify_Medication_request_Request_List_program_post_data], required) - Medical programs list for qualify -->".[0m
[33mWarning at line 16656: Action is missing parameter definitions: care_plan_id.[0m
[33mWarning at line 17161: Action is missing a response[0m
[33mWarning at line 17252: Action is missing parameter definitions: id.[0m
[33mWarning at line 17294: Ignoring unrecognized block "<!--  -->".[0m
[33mWarning at line 17296: Ignoring unrecognized block "<!-- Key                | Value -->".[0m
[33mWarning at line 17297: Ignoring unrecognized block "<!-- -------------------|----------- -->".[0m
[33mWarning at line 17298: Ignoring unrecognized block "ESOZ ENT ID        | ENT-042".[0m
[33mWarning at line 17300: Ignoring unrecognized block "<!-- Link to Confluence | <a href="https://e-health-ua.atlassian.net/wiki/spaces/ESOZ/pages/17359241296/Medication+Dispense">Medication Dispense</a> -->".[0m
[33mWarning at line 17302: Ignoring unrecognized block "<!-- Medication Dispense - Indicates that a medication product has been dispensed for -->".[0m
[33mWarning at line 17303: Ignoring unrecognized block "<!-- a named person/patientDispense of medication is possible only under Medication -->".[0m
[33mWarning at line 17304: Ignoring unrecognized block "Request and during the period specified in Medication RequestMedical program - mandatory
attribute for the first phase. There is no options to dispense medication without
program Dispense details - several medications of different manufacturers
with the same innm can be dispensed at a time. Total of medication_qty should
be less or equal to medication quantity specified in Medication Request.".[0m
[33mWarning at line 17273: Action is missing parameter definitions: id.[0m
[33mWarning at line 17310: Action is missing parameter definitions: code.[0m
[33mWarning at line 17550: Action is missing parameter definitions: person_id.[0m
[33mWarning at line 17579: Action is missing parameter definitions: id, medication_request_id, legal_entity_id, division_id, status, dispensed_from, dispensed_to, care_plan_id, page, page_size.[0m
[33mWarning at line 17648: Action is missing parameter definitions: id.[0m
[33mWarning at line 17693: Ignoring unrecognized block "<!--  -->".[0m
[33mWarning at line 17695: Ignoring unrecognized block "<!-- Key                | Value -->".[0m
[33mWarning at line 17696: Ignoring unrecognized block "<!-- -------------------|----------- -->".[0m
[33mWarning at line 17697: Ignoring unrecognized block "ESOZ ENT ID        | ENT-044".[0m
[33mWarning at line 17699: Ignoring unrecognized block "<!-- Link to Confluence | <a href="https://e-health-ua.atlassian.net/wiki/spaces/ESOZ/pages/17358782570/Medication+Request+Request">Medication Request Requests</a> -->".[0m
[33mWarning at line 17701: Ignoring unrecognized block "<!-- Medication request Request is a life-cycle entity that is used to perform operations on Medication requests. -->".[0m
[33mWarning at line 17702: Ignoring unrecognized block "<!-- After Medication request Request is signed it will be automatically moved to Medication requests. -->".[0m
[33mWarning at line 17671: Action is missing parameter definitions: id.[0m
[33mWarning at line 17722: Ignoring unrecognized block "<!--  -->".[0m
[33mWarning at line 17723: Ignoring unrecognized block "<!-- + Attributes (object) -->".[0m
[33mWarning at line 17725: Ignoring unrecognized block "+ medication_request_request (object)
            + include Medication_request_Request_Qualify_post_data".[0m
[33mWarning at line 17728: Ignoring unrecognized block "<!-- + programs (array[Qualify_Medication_request_Request_List_program_post_data], required) - Medical programs list for qualify -->".[0m
[33mWarning at line 17835: Action is missing parameter definitions: care_plan_id.[0m
[33mWarning at line 17990: Ignoring unrecognized block "<!--  -->".[0m
[33mWarning at line 17992: Ignoring unrecognized block "<!-- Key                | Value -->".[0m
[33mWarning at line 17993: Ignoring unrecognized block "<!-- -------------------|----------- -->".[0m
[33mWarning at line 17994: Ignoring unrecognized block "ESOZ ENT ID        | ENT-045
Link to Confluence | <a href="https://e-health-ua.atlassian.net/wiki/spaces/ESOZ/pages/18699747489/Medication+Statement+ENT-045">Medication Statement</a>".[0m
[33mWarning at line 18018: Ignoring unrecognized block "<!--  -->".[0m
[33mWarning at line 18019: Ignoring unrecognized block "<!-- + data (Medication_Statement_Response) -->".[0m
[33mWarning at line 18021: Action is missing parameter definitions: patient_id, duplicate, asserted_date_from, asserted_date_to, page, page_size, medication_code, encounter_id, episode_id.[0m
[33mWarning at line 18147: Action is missing parameter definitions: patient_id, encounter_id, diagnostic_report_id, episode_id, code, issued_from, issued_to, page, page_size.[0m
[33mWarning at line 18228: Action is missing parameter definitions: patient_id, status, episode_id, code, service_request_id, recorded_by, managing_organization_id.[0m
[33mWarning at line 18300: Action is missing a response[0m
[33mWarning at line 18313: Action is missing parameter definitions: patient_id, id.[0m
[33mWarning at line 18346: Action is missing parameter definitions: patient_id, id, status, episode_id, encounter_id, code, based_on, recorded_by, managing_organization_id, device_id.[0m
[33mWarning at line 18388: Action is missing parameter definitions: person_id, id.[0m
[33mWarning at line 18525: Ignoring unrecognized block "<!-- + Response 200 (application/json) -->".[0m
[33mWarning at line 18526: Ignoring unrecognized block "<!-- + Attributes (Response_Collection) -->".[0m
[33mWarning at line 18528: Ignoring unrecognized block "<!-- + data (array[Risk_Assessment_Response]) -->".[0m
[33mWarning at line 18532: Ignoring unrecognized block "<!-- Key                | Value -->".[0m
[33mWarning at line 18533: Ignoring unrecognized block "<!-- -------------------|----------- -->".[0m
[33mWarning at line 18534: Ignoring unrecognized block "ESOZ ENT ID        | ENT-062
Link to Confluence | <a href="https://e-health-ua.atlassian.net/wiki/spaces/ESOZ/pages/17479991344/Service+Request">Service Request</a>".[0m
[33mWarning at line 18496: Action is missing a response[0m
[33mWarning at line 18496: Action is missing parameter definitions: patient_id, code, asserted_date_from, asserted_date_to, page, page_size, encounter_id, episode_id.[0m
[33mWarning at line 18787: Action is missing parameter definitions: patient_id, service_request_id.[0m
[33mWarning at line 18831: Action is missing parameter definitions: patient_id, service_request_id.[0m
[33mWarning at line 19139: Action is missing parameter definitions: parent_id.[0m
[33mWarning at line 19163: Action is missing parameter definitions: patient_id, service_request_id.[0m
[33mWarning at line 19195: Action is missing parameter definitions: parent_id, service_request_id.[0m
[33mWarning at line 19236: Action is missing parameter definitions: id.[0m
[33mWarning at line 19436: Action is missing parameter definitions: patient_id, episode_id.[0m
[33mWarning at line 19592: Action is missing parameter definitions: patient_id, episode_id, date_from, date_to, page, page_size.[0m
[33mWarning at line 19842: Action is missing parameter definitions: period_from, period_to.[0m
[33mWarning at line 19957: Ignoring unrecognized block "<!-- + Parameters -->".[0m
[33mWarning at line 19945: Action is missing parameter definitions: patient_id.[0m
[33mWarning at line 19965: Action is missing parameter definitions: patient_id, id.[0m
[33mWarning at line 20093: Ignoring unrecognized block "<!-- + Parameters -->".[0m
[33mWarning at line 20094: Ignoring unrecognized block "+ `page_size` (string, required) - identifier
        + `page` (string, required) - identifier
        + `date` (string, required) - identifier
        + `type` (string, required) - identifier
        + `encounter_id` (string, required) - identifier
        + `patient_id` (string, required) - identifier".[0m
[33mWarning at line 20073: Action is missing parameter definitions: patient_id, id.[0m
[33mWarning at line 20108: Action is missing parameter definitions: patient_id, patient_id, encounter_id, type, date, page, page_size.[0m
[33mWarning at line 20477: Action "GET /api/persons/{person_id}/compositions/{composition_id}/medication_requests/" already defined.[0m
[33mWarning at line 20612: Action is missing a response[0m
[33mWarning at line 20612: Action is missing parameter definitions: patient_id.[0m
[33mWarning at line 20655: Action is missing parameter definitions: patient_id, type, status, registered_by, collected_from, collected_to, container_identifier, container_type, parent, request, encounter, page, page_size.[0m
