[33mWarning at line 2534: "object" with value definition. You should use type definition without value, e.g., "+ key (object)"[0m
[33mWarning at line 4692: Ignoring unrecognized block "<!-- #Party -->".[0m
[33mWarning at line 4697: Ignoring unrecognized block "<!-- + last_name: Іванов (string) -->".[0m
[33mWarning at line 4698: Ignoring unrecognized block "<!-- + second_name: Миколайович (string) -->".[0m
[33mWarning at line 6352: "object" with value definition. You should use type definition without value, e.g., "+ key (object)"[0m
[33mWarning at line 10392: Action is missing parameter definitions: id, connection_id.[0m
[33mWarning at line 10486: Action is missing parameter definitions: client_id, redirect_uri, scope, email, user_data, state.[0m
[33mWarning at line 10689: Action is missing parameter definitions: id.[0m
[33mWarning at line 10717: Action is missing parameter definitions: id.[0m
[33mWarning at line 10736: Action is missing parameter definitions: id, connection_id.[0m
[33mWarning at line 10760: Action is missing parameter definitions: id, connection_id.[0m
[33mWarning at line 10784: Action is missing parameter definitions: id, connection_id.[0m
[33mWarning at line 10806: Action is missing parameter definitions: id, connection_id.[0m
[33mWarning at line 10841: Action is missing parameter definitions: name, is_active.[0m
[33mWarning at line 10865: Action is missing parameter definitions: name, is_active, value_code, value_description, value_is_active.[0m
[33mWarning at line 10899: Action is missing parameter definitions: name, is_active, value_code.[0m
[33mWarning at line 10951: "object" with value definition. You should use type definition without value, e.g., "+ key (object)"[0m
[33mWarning at line 10933: Action is missing parameter definitions: name, is_active, value_code.[0m
[33mWarning at line 11020: Action is missing parameter definitions: region_id, region, name, koatuu, page, page_size.[0m
[33mWarning at line 11044: Action is missing parameter definitions: name, koatuu, page, page_size.[0m
[33mWarning at line 11066: Action is missing parameter definitions: name, koatuu, page, page_size.[0m
[33mWarning at line 11090: Action is missing parameter definitions: name, koatuu, page, page_size.[0m
[33mWarning at line 11110: Action is missing parameter definitions: name, region, district, koatuu, page, page_size.[0m
[33mWarning at line 11134: Action is missing parameter definitions: id.[0m
[33mWarning at line 11155: Action is missing parameter definitions: settlement_id, name, type, page, page_size.[0m
[33mWarning at line 11192: Action is missing parameter definitions: id.[0m
[33mWarning at line 11314: Action is missing parameter definitions: id, name, is_active, mr_blank_type, type, page, page_size.[0m
[33mWarning at line 11369: Action is missing parameter definitions: medical_program_id, page, page_size.[0m
[33mWarning at line 11408: Action is missing parameter definitions: code, name, page, page_size.[0m
[33mWarning at line 11448: Action is missing parameter definitions: patient_id.[0m
[33mWarning at line 11514: Ignoring unrecognized block "<!-- + Headers -->".[0m
[33mWarning at line 11516: Ignoring unrecognized block "<!-- Authorization: Bearer c2778f3064753ea70de870a53795f5c9 -->".[0m
[33mWarning at line 11517: Ignoring unrecognized block "<!-- API-key: uXhEczJ56adsfh3Ri9SUkc4en -->".[0m
[33mWarning at line 11518: Ignoring unrecognized block "<!-- X-Custom-PSK: a2aa05c76f3f2d91870f923a53cc8aa8f23bbc01a8238d1c2c26d4299715a7e4 -->".[0m
[33mWarning at line 11503: Action is missing parameter definitions: id.[0m
[33mWarning at line 11541: Ignoring unrecognized block "<!-- + Headers -->".[0m
[33mWarning at line 11543: Ignoring unrecognized block "<!-- Authorization: Bearer c2778f3064753ea70de870a53795f5c9 -->".[0m
[33mWarning at line 11544: Ignoring unrecognized block "<!-- API-key: uXhEczJ56adsfh3Ri9SUkc4en -->".[0m
[33mWarning at line 11545: Ignoring unrecognized block "<!-- X-Custom-PSK: a2aa05c76f3f2d91870f923a53cc8aa8f23bbc01a8238d1c2c26d4299715a7e4 -->".[0m
[33mWarning at line 11552: Action is missing parameter definitions: id.[0m
[33mWarning at line 11575: Action is missing parameter definitions: id.[0m
[33mWarning at line 11599: Action is missing parameter definitions: id.[0m
[33mWarning at line 11629: Action is missing parameter definitions: edrpou, legal_entity_id, settlement_id, type, status, nhs_verified, page, page_size.[0m
[33mWarning at line 11670: Action is missing parameter definitions: id.[0m
[33mWarning at line 11789: Action is missing parameter definitions: id.[0m
[33mWarning at line 11808: Action is missing parameter definitions: id.[0m
[33mWarning at line 11827: Action is missing parameter definitions: id.[0m
[33mWarning at line 11933: Action is missing parameter definitions: division_id, device_definition_id, type, status, model_number, manufacturer, availability_status, recorder, inventory_number, serial_number, name, created_from, created_to, page, page_size.[0m
[33mWarning at line 11970: Action is missing parameter definitions: id.[0m
[33mWarning at line 11993: Action is missing parameter definitions: id.[0m
[33mWarning at line 12018: Action is missing parameter definitions: id.[0m
[33mWarning at line 12052: Action is missing parameter definitions: id, license_number, type, is_primary, page, page_size.[0m
[33mWarning at line 12143: Action is missing parameter definitions: contract_type, id, contractor_legal_entity_id, edrpou, contractor_owner_id, nhs_signer_id, is_suspended, status, contract_number, date_from_start_date, date_to_start_date, date_from_end_date, date_to_end_date, medical_program_id, page, page_size.[0m
[33mWarning at line 12181: Action is missing parameter definitions: contract_type, unique_12312, id, unique_12312.[0m
[33mWarning at line 12211: Action is missing parameter definitions: contract_type, id.[0m
[33mWarning at line 12232: Action is missing parameter definitions: contract_type.[0m
[33mWarning at line 12252: Action is missing parameter definitions: contract_type, id.[0m
[33mWarning at line 12439: Action is missing parameter definitions: contract_type, id.[0m
[33mWarning at line 12469: Action is missing parameter definitions: contract_type, duplicate, id, contractor_legal_entity_id, edrpou, contractor_owner_id, nhs_signer_id, issue_city, status, contract_number, medical_program_id, page, page_size.[0m
[33mWarning at line 12505: Action is missing parameter definitions: contract_type, id.[0m
[33mWarning at line 12535: Action is missing parameter definitions: contract_type, id.[0m
[33mWarning at line 12569: Action is missing parameter definitions: contract_type, id.[0m
[33mWarning at line 12617: Ignoring unrecognized block "<!-- + Parameters -->".[0m
[33mWarning at line 12618: Ignoring unrecognized block "<!-- + `contract_type` (string, required) - identifier -->".[0m
[33mWarning at line 12619: Ignoring unrecognized block "<!-- + data (object) -->".[0m
[33mWarning at line 12620: Ignoring unrecognized block "<!-- + include Contract_Details_Capitation -->".[0m
[33mWarning at line 12590: Action is missing parameter definitions: contract_type, id.[0m
[33mWarning at line 12643: Action is missing parameter definitions: no_tax_id, tax_id, party_id, verification_status, edrpou, legal_entity_id, division_id, status, employee_type, page, page_size.[0m
[33mWarning at line 12671: Action is missing parameter definitions: employee_id.[0m
[33mWarning at line 12697: Action is missing parameter definitions: id.[0m
[33mWarning at line 12727: Action is missing parameter definitions: depth.[0m
[33mWarning at line 12750: Action is missing parameter definitions: depth.[0m
[33mWarning at line 12832: Action is missing parameter definitions: id, edrpou, legal_entity_name, no_tax_id, status, page, page_size.[0m
[33mWarning at line 12860: Action is missing parameter definitions: id.[0m
[33mWarning at line 12883: Action is missing parameter definitions: id, action.[0m
[33mWarning at line 12903: Action is missing parameter definitions: id.[0m
[33mWarning at line 12956: Action is missing parameter definitions: employee_id, healthcare_service_id, status, page, page_size.[0m
[33mWarning at line 12979: Action is missing parameter definitions: id, unique_13298.[0m
[33mWarning at line 12997: Action is missing parameter definitions: id.[0m
[33mWarning at line 13107: Action is missing parameter definitions: id.[0m
[33mWarning at line 13200: Ignoring unrecognized block "<!-- This method will be deprecated. Use **Reject Person Request v2**. -->".[0m
[33mWarning at line 13202: Ignoring unrecognized block "<!-- Use this method to reject previously created Person Request. -->".[0m
[33mWarning at line 13204: Ignoring unrecognized block "<!-- More detailed information - https://e-health-ua.atlassian.net/wiki/x/MYDAIw -->".[0m
[33mWarning at line 13206: Ignoring unrecognized block "<!-- + Parameters -->".[0m
[33mWarning at line 13207: Ignoring unrecognized block "+ id: eeebb86d-5cba-43c9-885b-6482ecaf826b (string)".[0m
[33mWarning at line 13162: Action is missing parameter definitions: id.[0m
[33mWarning at line 13239: Action is missing parameter definitions: id.[0m
[33mWarning at line 13270: Action is missing parameter definitions: id.[0m
[33mWarning at line 13397: Action is missing parameter definitions: id.[0m
[33mWarning at line 13453: Action is missing parameter definitions: id.[0m
[33mWarning at line 13482: Action is missing parameter definitions: id.[0m
[33mWarning at line 13524: Action is missing parameter definitions: id.[0m
[33mWarning at line 13566: Action is missing parameter definitions: legal_entity_id, status, page, page_size.[0m
[33mWarning at line 13588: Action is missing parameter definitions: id.[0m
[33mWarning at line 13625: Action is missing parameter definitions: id.[0m
[33mWarning at line 13654: Action is missing parameter definitions: employee_id, legal_entity_id, status, declaration_number, page, page_size, reason.[0m
[33mWarning at line 13686: Action is missing parameter definitions: id.[0m
[33mWarning at line 13714: Action is missing parameter definitions: id.[0m
[33mWarning at line 13734: Action is missing parameter definitions: id.[0m
[33mWarning at line 13773: Action is missing parameter definitions: status, start_date_from, start_date_to, end_date_from, end_date_to, page, page_size.[0m
[33mWarning at line 13803: Action is missing parameter definitions: id.[0m
[33mWarning at line 13824: Action is missing parameter definitions: id.[0m
[33mWarning at line 13918: Action is missing parameter definitions: id.[0m
[33mWarning at line 13972: Action is missing parameter definitions: id.[0m
[33mWarning at line 14008: Action is missing parameter definitions: id.[0m
[33mWarning at line 14036: Action is missing parameter definitions: id.[0m
[33mWarning at line 14085: Action is missing parameter definitions: employee_id, legal_entity_id, status, channel, page, page_size.[0m
[33mWarning at line 14123: Action is missing parameter definitions: id.[0m
[33mWarning at line 14166: Action is missing parameter definitions: status, start_date_from, start_date_to, end_date_from, end_date_to, page, page_size, channel.[0m
[33mWarning at line 14198: Action is missing parameter definitions: id.[0m
[33mWarning at line 14224: Action is missing parameter definitions: id.[0m
[33mWarning at line 14246: Action is missing parameter definitions: id.[0m
[33mWarning at line 14264: Action is missing parameter definitions: id.[0m
[33mWarning at line 14294: Action is missing parameter definitions: id.[0m
[33mWarning at line 14388: Ignoring unrecognized block "<!-- + Parameters -->".[0m
[33mWarning at line 14389: Ignoring unrecognized block "<!-- + `page_size` (string, required) - identifier -->".[0m
[33mWarning at line 14390: Ignoring unrecognized block "<!-- + `page` (string, required) - identifier -->".[0m
[33mWarning at line 14391: Ignoring unrecognized block "<!-- + `birth_place` (string, required) - identifier -->".[0m
[33mWarning at line 14392: Ignoring unrecognized block "+ merge_person_id: bdadc2a7-7283-4f24-bc99-8d8d9808af80 (string) - identifier of a person who is recognized as a duplicate and subsequently deactivated
                        + person_id: b075f148-7f93-4fc2-b2ec-2d81b19a9b7b (string) - identifier of the person who as a result of the deduplication is recognized as true and subsequently left active
                        + updated_at: 2019-05-08T15:34:00Z (string)".[0m
[33mWarning at line 14356: Action is missing parameter definitions: first_name, last_name, second_name, birth_date, tax_id, phone_number, birth_place, birth_certificate, page, page_size.[0m
[33mWarning at line 14405: Action is missing parameter definitions: id, status, page, page_size.[0m
[33mWarning at line 14450: Action is missing parameter definitions: id.[0m
[33mWarning at line 14470: Action is missing parameter definitions: client_id, redirect_uri, scope, user_data.[0m
[33mWarning at line 14491: Action is missing parameter definitions: duplicate, client_id, redirect_uri, scope, user_data, state.[0m
[33mWarning at line 14581: Action is missing parameter definitions: patient_id.[0m
[33mWarning at line 14615: Action is missing parameter definitions: patient_id, id.[0m
[33mWarning at line 14644: Action is missing parameter definitions: patient_id, legal_entity_id, period_date, encounter_id, requisition, based_on, part_of, managing_organization_id, status, page, page_size.[0m
[33mWarning at line 14676: Action is missing parameter definitions: requisition, status, page, page_size.[0m
[33mWarning at line 14709: Action is missing parameter definitions: patient_id, id.[0m
[33mWarning at line 14746: Action is missing parameter definitions: patient_id, id.[0m
[33mWarning at line 14786: Action is missing parameter definitions: patient_id.[0m
[33mWarning at line 14813: Action is missing parameter definitions: patient_id, id.[0m
[33mWarning at line 14853: Action is missing parameter definitions: patient_id, care_plan_id.[0m
[33mWarning at line 14907: Action is missing parameter definitions: patient_id, care_plan_id.[0m
[33mWarning at line 14943: Action is missing parameter definitions: patient_id, care_plan_id, id.[0m
[33mWarning at line 14970: Action is missing parameter definitions: patient_id, care_plan_id, author, kind, status, page, page_size.[0m
[33mWarning at line 15004: Action is missing parameter definitions: patient_id, care_plan_id, id.[0m
[33mWarning at line 15060: Action is missing parameter definitions: patient_id, care_plan_id, id.[0m
[33mWarning at line 15123: Action is missing parameter definitions: patient_id, care_plan_id, id.[0m
[33mWarning at line 15192: Action is missing parameter definitions: patient_id, care_plan_id.[0m
[33mWarning at line 15243: Action is missing parameter definitions: patient_id, clinical_impression_id.[0m
[33mWarning at line 15266: Action is missing parameter definitions: patient_id, encounter_id, episode_id, code, status, page, page_size.[0m
[33mWarning at line 15301: Action is missing parameter definitions: patient_id, page, page_size, code, onset_date_from, onset_date_to.[0m
[33mWarning at line 15328: Action is missing parameter definitions: patient_id, id.[0m
[33mWarning at line 15358: Action is missing parameter definitions: patient_id, device_id.[0m
[33mWarning at line 15381: Action is missing parameter definitions: patient_id, asserted_date_from, asserted_date_to, page, page_size, type, encounter_id, episode_id.[0m
[33mWarning at line 15417: Action is missing parameter definitions: patient_id, diagnostic_report_id.[0m
[33mWarning at line 15447: Action is missing parameter definitions: patient_id, duplicate, issued_from, issued_to, page, page_size, code, encounter_id, context_episode_id, initial_episode_id.[0m
[33mWarning at line 15485: Action is missing parameter definitions: patient_id, page, page_size, code, onset_date_time_from, onset_date_time_to.[0m
[33mWarning at line 15518: Action is missing parameter definitions: patient_id, id.[0m
[33mWarning at line 15548: Action is missing parameter definitions: patient_id, status, episode_id, type, class, performer_speciality, date_from, date_to.[0m
[33mWarning at line 15574: Action is missing parameter definitions: patient_id, encounter_id.[0m
[33mWarning at line 15602: Action is missing parameter definitions: patient_id, page, page_size, code, date_from, date_to.[0m
[33mWarning at line 15659: Ignoring unrecognized block "<!-- Key                | Value -->".[0m
[33mWarning at line 15660: Ignoring unrecognized block "<!-- -------------------|----------- -->".[0m
[33mWarning at line 15661: Ignoring unrecognized block "<!-- ESOZ ENT ID        | ENT-043 -->".[0m
[33mWarning at line 15662: Ignoring unrecognized block "<!-- Link to Confluence | <a href="https://e-health-ua.atlassian.net/wiki/spaces/ESOZ/pages/17359110269/Medication+Request">Medication Request</a> -->".[0m
[33mWarning at line 15629: Action is missing parameter definitions: patient_id, id.[0m
[33mWarning at line 15678: Ignoring unrecognized block "<!-- + division_id: 2848a935-5fd7-48ba-b235-a9b5d475c647 (string) - Division identifier -->".[0m
[33mWarning at line 15679: Ignoring unrecognized block "<!-- + programs (array[Qualify_Medication_request_Request_List_program_post_data], required) - Medical programs list for qualify -->".[0m
[33mWarning at line 15664: Action is missing parameter definitions: id.[0m
[33mWarning at line 15696: Action is missing parameter definitions: person_id, legal_entity_id, employee_id, status, request_number, created_from, created_to, medication_id, intent, care_plan_id, encounter_id, episode_id, page, page_size, medical_program_id, started_at_from, started_at_to, ended_at_from, ended_at_to, dispense_valid_from_start, dispense_valid_from_end, dispense_valid_to_start, dispense_valid_to_end.[0m
[33mWarning at line 15738: Action is missing parameter definitions: care_plan_id, legal_entity_id, employee_id, person_id, status, request_number, created_from, created_to, medication_id, intent, encounter_id, page, page_size, medical_program_id, started_at_from, started_at_to, ended_at_from, ended_at_to, dispense_valid_from_start, dispense_valid_from_end, dispense_valid_to_start, dispense_valid_to_end.[0m
[33mWarning at line 15778: Action is missing parameter definitions: person_id, id.[0m
[33mWarning at line 15802: Action is missing parameter definitions: id.[0m
[33mWarning at line 15833: Action is missing parameter definitions: id.[0m
[33mWarning at line 15864: Action is missing parameter definitions: id.[0m
[33mWarning at line 15884: Action is missing parameter definitions: person_id, id.[0m
[33mWarning at line 15905: Action is missing parameter definitions: id.[0m
[33mWarning at line 15928: Action is missing parameter definitions: id.[0m
[33mWarning at line 15951: Action is missing parameter definitions: id.[0m
[33mWarning at line 15976: Action is missing parameter definitions: id.[0m
[33mWarning at line 16000: Action is missing parameter definitions: id.[0m
[33mWarning at line 16024: Action is missing parameter definitions: id.[0m
[33mWarning at line 16047: Action is missing parameter definitions: person_id, composition_id, id.[0m
[33mWarning at line 16095: Action is missing a response[0m
[33mWarning at line 16095: Action is missing parameter definitions: legal_entity_id, employee_id, person_id, status, request_number, created_from, created_to, medication_id, intent, care_plan_id, encounter_id, page, page_size.[0m
[33mWarning at line 16124: Action is missing parameter definitions: id.[0m
[33mWarning at line 16153: Action is missing parameter definitions: id.[0m
[33mWarning at line 16181: Action is missing parameter definitions: id.[0m
[33mWarning at line 16223: Ignoring unrecognized block "<!--  -->".[0m
[33mWarning at line 16225: Ignoring unrecognized block "<!-- Key                | Value -->".[0m
[33mWarning at line 16226: Ignoring unrecognized block "<!-- -------------------|----------- -->".[0m
[33mWarning at line 16227: Ignoring unrecognized block "<!-- ESOZ ENT ID        | ENT-042 -->".[0m
[33mWarning at line 16229: Ignoring unrecognized block "<!-- Link to Confluence | <a href="https://e-health-ua.atlassian.net/wiki/spaces/ESOZ/pages/17359241296/Medication+Dispense">Medication Dispense</a> -->".[0m
[33mWarning at line 16231: Ignoring unrecognized block "<!-- Medication Dispense - Indicates that a medication product has been dispensed for -->".[0m
[33mWarning at line 16232: Ignoring unrecognized block "<!-- a named person/patientDispense of medication is possible only under Medication -->".[0m
[33mWarning at line 16233: Ignoring unrecognized block "<!-- Request and during the period specified in Medication RequestMedical program - mandatory -->".[0m
[33mWarning at line 16234: Ignoring unrecognized block "<!-- attribute for the first phase. There is no options to dispense medication without -->".[0m
[33mWarning at line 16235: Ignoring unrecognized block "<!-- program Dispense details - several medications of different manufacturers -->".[0m
[33mWarning at line 16236: Ignoring unrecognized block "with the same innm can be dispensed at a time. Total of medication_qty should
be less or equal to medication quantity specified in Medication Request.".[0m
[33mWarning at line 16202: Action is missing parameter definitions: id.[0m
[33mWarning at line 16239: Action is missing parameter definitions: code.[0m
[33mWarning at line 16286: Action is missing parameter definitions: id.[0m
[33mWarning at line 16311: Action is missing parameter definitions: id.[0m
[33mWarning at line 16330: Action is missing parameter definitions: id, medication_request_id, legal_entity_id, division_id, status, dispensed_from, dispensed_to, care_plan_id, page, page_size.[0m
[33mWarning at line 16366: Action is missing parameter definitions: id.[0m
[33mWarning at line 16385: Action is missing parameter definitions: id.[0m
[33mWarning at line 16408: Action is missing parameter definitions: person_id, id, status.[0m
[33mWarning at line 16437: Action is missing parameter definitions: person_id, id.[0m
[33mWarning at line 16457: Action is missing parameter definitions: id, medication_request_id, legal_entity_id, division_id, status, dispensed_from, dispensed_to, care_plan_id, page, page_size.[0m
[33mWarning at line 16515: Action is missing parameter definitions: id.[0m
[33mWarning at line 16560: Ignoring unrecognized block "<!--  -->".[0m
[33mWarning at line 16562: Ignoring unrecognized block "<!-- Key                | Value -->".[0m
[33mWarning at line 16563: Ignoring unrecognized block "<!-- -------------------|----------- -->".[0m
[33mWarning at line 16564: Ignoring unrecognized block "<!-- ESOZ ENT ID        | ENT-044 -->".[0m
[33mWarning at line 16566: Ignoring unrecognized block "<!-- Link to Confluence | <a href="https://e-health-ua.atlassian.net/wiki/spaces/ESOZ/pages/17358782570/Medication+Request+Request">Medication Request Requests</a> -->".[0m
[33mWarning at line 16568: Ignoring unrecognized block "<!-- Medication request Request is a life-cycle entity that is used to perform operations on Medication requests. -->".[0m
[33mWarning at line 16569: Ignoring unrecognized block "<!-- After Medication request Request is signed it will be automatically moved to Medication requests. -->".[0m
[33mWarning at line 16538: Action is missing parameter definitions: id.[0m
[33mWarning at line 16589: Ignoring unrecognized block "<!--  -->".[0m
[33mWarning at line 16590: Ignoring unrecognized block "<!-- + Attributes (object) -->".[0m
[33mWarning at line 16592: Ignoring unrecognized block "<!-- + medication_request_request (object) -->".[0m
[33mWarning at line 16593: Ignoring unrecognized block "<!-- + include Medication_request_Request_Qualify_post_data -->".[0m
[33mWarning at line 16595: Ignoring unrecognized block "<!-- + programs (array[Qualify_Medication_request_Request_List_program_post_data], required) - Medical programs list for qualify -->".[0m
[33mWarning at line 16657: Action is missing parameter definitions: person_id, legal_entity_id, employee_id, episode_id, care_plan_id, activity_id, encounter_id, status, intent, page, page_size.[0m
[33mWarning at line 16687: Action is missing parameter definitions: care_plan_id, employee_id, person_id, status, intent, encounter_id, page, page_size.[0m
[33mWarning at line 16715: Action is missing parameter definitions: person_id, id.[0m
[33mWarning at line 16736: Action is missing parameter definitions: id.[0m
[33mWarning at line 16788: Ignoring unrecognized block "<!--  -->".[0m
[33mWarning at line 16790: Ignoring unrecognized block "<!-- Key                | Value -->".[0m
[33mWarning at line 16791: Ignoring unrecognized block "<!-- -------------------|----------- -->".[0m
[33mWarning at line 16792: Ignoring unrecognized block "<!-- ESOZ ENT ID        | ENT-045 -->".[0m
[33mWarning at line 16793: Ignoring unrecognized block "<!-- Link to Confluence | <a href="https://e-health-ua.atlassian.net/wiki/spaces/ESOZ/pages/18699747489/Medication+Statement+ENT-045">Medication Statement</a> -->".[0m
[33mWarning at line 16768: Action is missing parameter definitions: id.[0m
[33mWarning at line 16816: Ignoring unrecognized block "<!--  -->".[0m
[33mWarning at line 16817: Ignoring unrecognized block "<!-- + data (Medication_Statement_Response) -->".[0m
[33mWarning at line 16795: Action is missing parameter definitions: patient_id, medication_statement_id.[0m
[33mWarning at line 16819: Action is missing parameter definitions: patient_id, duplicate, asserted_date_from, asserted_date_to, page, page_size, medication_code, encounter_id, episode_id.[0m
[33mWarning at line 16857: Action is missing parameter definitions: patient_id, page, page_size, code, issued_from, issued_to.[0m
[33mWarning at line 16884: Action is missing parameter definitions: patient_id, id.[0m
[33mWarning at line 16907: Action is missing parameter definitions: patient_id, observation_id.[0m
[33mWarning at line 16930: Action is missing parameter definitions: patient_id, encounter_id, diagnostic_report_id, episode_id, code, issued_from, issued_to, page, page_size.[0m
[33mWarning at line 16967: Action is missing parameter definitions: patient_id, procedure_id.[0m
[33mWarning at line 16990: Action is missing parameter definitions: patient_id, status, episode_id, code, service_request_id, recorded_by, managing_organization_id.[0m
[33mWarning at line 17019: Action is missing parameter definitions: patient_id.[0m
[33mWarning at line 17044: Action is missing a response[0m
[33mWarning at line 17057: Action is missing parameter definitions: patient_id, id.[0m
[33mWarning at line 17089: Action is missing parameter definitions: patient_id, id, status, episode_id, encounter_id, code, based_on, recorded_by, managing_organization_id, device_id.[0m
[33mWarning at line 17121: Action is missing parameter definitions: person_id, id.[0m
[33mWarning at line 17191: Action is missing parameter definitions: patient_id, risk_assessment_id.[0m
[33mWarning at line 17238: Ignoring unrecognized block "<!-- + Response 200 (application/json) -->".[0m
[33mWarning at line 17239: Ignoring unrecognized block "<!-- + Attributes (Response_Collection) -->".[0m
[33mWarning at line 17241: Ignoring unrecognized block "<!-- + data (array[Risk_Assessment_Response]) -->".[0m
[33mWarning at line 17245: Ignoring unrecognized block "<!-- Key                | Value -->".[0m
[33mWarning at line 17246: Ignoring unrecognized block "<!-- -------------------|----------- -->".[0m
[33mWarning at line 17247: Ignoring unrecognized block "<!-- ESOZ ENT ID        | ENT-062 -->".[0m
[33mWarning at line 17248: Ignoring unrecognized block "<!-- Link to Confluence | <a href="https://e-health-ua.atlassian.net/wiki/spaces/ESOZ/pages/17479991344/Service+Request">Service Request</a> -->".[0m
[33mWarning at line 17214: Action is missing a response[0m
[33mWarning at line 17214: Action is missing parameter definitions: patient_id, code, asserted_date_from, asserted_date_to, page, page_size, encounter_id, episode_id.[0m
[33mWarning at line 17250: Action is missing parameter definitions: patient_id.[0m
[33mWarning at line 17302: Action is missing parameter definitions: patient_id.[0m
[33mWarning at line 17329: Action is missing parameter definitions: patient_id, episode_id.[0m
[33mWarning at line 17362: Action is missing parameter definitions: patient_id.[0m
[33mWarning at line 17390: Action is missing parameter definitions: patient_id, episode_id, service_request_id.[0m
[33mWarning at line 17424: Action is missing parameter definitions: patient_id, service_request_id.[0m
[33mWarning at line 17457: Action is missing parameter definitions: patient_id, service_request_id.[0m
[33mWarning at line 17490: Action is missing parameter definitions: patient_id, service_request_id.[0m
[33mWarning at line 17517: Action is missing parameter definitions: patient_id, service_request_id.[0m
[33mWarning at line 17572: Action is missing parameter definitions: service_request_id.[0m
[33mWarning at line 17607: Action is missing parameter definitions: service_request_id.[0m
[33mWarning at line 17637: Action is missing parameter definitions: service_request_id.[0m
[33mWarning at line 17665: Action is missing parameter definitions: service_request_id.[0m
[33mWarning at line 17692: Action is missing parameter definitions: service_request_id.[0m
[33mWarning at line 17726: Action is missing parameter definitions: specimen_id.[0m
[33mWarning at line 17754: Action is missing parameter definitions: parent_id.[0m
[33mWarning at line 17777: Action is missing parameter definitions: patient_id, service_request_id.[0m
[33mWarning at line 17808: Action is missing parameter definitions: parent_id, service_request_id.[0m
[33mWarning at line 17848: Action is missing parameter definitions: id.[0m
[33mWarning at line 17878: Action is missing parameter definitions: patient_id, period_from, period_to, status, page, page_size.[0m
[33mWarning at line 17902: Action is missing parameter definitions: patient_id, episode_id.[0m
[33mWarning at line 17925: Action is missing parameter definitions: patient_id.[0m
[33mWarning at line 17944: Action is missing parameter definitions: patient_id, episode_id.[0m
[33mWarning at line 17981: Action is missing parameter definitions: patient_id, episode_id.[0m
[33mWarning at line 18018: Action is missing parameter definitions: patient_id, episode_id.[0m
[33mWarning at line 18070: Action is missing parameter definitions: patient_id, clinical_impression_id.[0m
[33mWarning at line 18093: Action is missing parameter definitions: patient_id, condition_id.[0m
[33mWarning at line 18116: Action is missing parameter definitions: patient_id, device_id.[0m
[33mWarning at line 18139: Action is missing parameter definitions: patient_id, diagnostic_report_id.[0m
[33mWarning at line 18165: Action is missing parameter definitions: patient_id, episode_id, date_from, date_to, page, page_size.[0m
[33mWarning at line 18192: Action is missing parameter definitions: patient_id, immunization_id.[0m
[33mWarning at line 18215: Action is missing parameter definitions: patient_id, medication_administration_id.[0m
[33mWarning at line 18238: Action is missing parameter definitions: patient_id, medication_statement_id.[0m
[33mWarning at line 18261: Action is missing parameter definitions: patient_id, observation_id.[0m
[33mWarning at line 18284: Action is missing parameter definitions: patient_id, procedure_id.[0m
[33mWarning at line 18307: Action is missing parameter definitions: patient_id, risk_assessment_id.[0m
[33mWarning at line 18330: Action is missing parameter definitions: patient_id, device_association_id.[0m
[33mWarning at line 18353: Action is missing parameter definitions: patient_id, detected_issue_id.[0m
[33mWarning at line 18377: Action is missing parameter definitions: patient_id, period_from, period_to, diagnoses_group_id, managing_organization_id, page, page_size.[0m
[33mWarning at line 18402: Action is missing parameter definitions: patient_id, period_from, period_to, page, page_size.[0m
[33mWarning at line 18431: Action is missing parameter definitions: patient_id.[0m
[33mWarning at line 18457: Action is missing parameter definitions: patient_id.[0m
[33mWarning at line 18493: Ignoring unrecognized block "<!-- + Parameters -->".[0m
[33mWarning at line 18481: Action is missing parameter definitions: patient_id.[0m
[33mWarning at line 18501: Action is missing parameter definitions: patient_id, id.[0m
[33mWarning at line 18522: Action is missing parameter definitions: patient_id, composition_id.[0m
[33mWarning at line 18544: Action is missing parameter definitions: patient_id, id.[0m
[33mWarning at line 18593: Ignoring unrecognized block "<!-- + Parameters -->".[0m
[33mWarning at line 18594: Ignoring unrecognized block "<!-- + `page_size` (string, required) - identifier -->".[0m
[33mWarning at line 18595: Ignoring unrecognized block "<!-- + `page` (string, required) - identifier -->".[0m
[33mWarning at line 18596: Ignoring unrecognized block "<!-- + `date` (string, required) - identifier -->".[0m
[33mWarning at line 18597: Ignoring unrecognized block "+ `type` (string, required) - identifier
        + `encounter_id` (string, required) - identifier
        + `patient_id` (string, required) - identifier".[0m
[33mWarning at line 18573: Action is missing parameter definitions: patient_id, id.[0m
[33mWarning at line 18608: Action is missing parameter definitions: patient_id, patient_id, encounter_id, type, date, page, page_size.[0m
[33mWarning at line 18636: Action is missing parameter definitions: patient_id, id.[0m
[33mWarning at line 18660: Action is missing parameter definitions: patient_id, id, device_dispense_id.[0m
[33mWarning at line 18684: Action is missing parameter definitions: patient_id, id, device_request_id.[0m
[33mWarning at line 18708: Action is missing parameter definitions: type, category, page, page_size.[0m
[33mWarning at line 18734: Action is missing parameter definitions: patient_id, id, episode_id.[0m
[33mWarning at line 18758: Action is missing parameter definitions: patient_id, id, diagnostic_report_id.[0m
[33mWarning at line 18782: Action is missing parameter definitions: patient_id, id, encounter_id.[0m
[33mWarning at line 18806: Action is missing parameter definitions: patient_id, id, care_plan_id.[0m
[33mWarning at line 18830: Action is missing parameter definitions: patient_id, id, procedure_id.[0m
[33mWarning at line 18850: Action is missing parameter definitions: patient_id, id, condition_id.[0m
[33mWarning at line 18870: Action is missing parameter definitions: patient_id, id, observation_id.[0m
[33mWarning at line 18890: Action is missing parameter definitions: patient_id, id, immunization_id.[0m
[33mWarning at line 18914: Action is missing parameter definitions: patient_id, id, service_request_id.[0m
[33mWarning at line 18939: Action is missing parameter definitions: person_id, composition_id, id.[0m
[33mWarning at line 18964: Action is missing parameter definitions: person_id, composition_id, id.[0m
[33mWarning at line 18984: Action is missing parameter definitions: patient_id, id, clinical_impression_id.[0m
[33mWarning at line 19015: Action is missing parameter definitions: patient_id.[0m
[33mWarning at line 19038: Action is missing a response[0m
[33mWarning at line 19038: Action is missing parameter definitions: patient_id.[0m
[33mWarning at line 19076: Action is missing parameter definitions: patient_id, type, status, registered_by, collected_from, collected_to, container_identifier, container_type, parent, request, encounter, page, page_size.[0m
[33mWarning at line 19111: Action is missing parameter definitions: patient_id, id.[0m
[33mWarning at line 19135: Action is missing parameter definitions: accession_identifier.[0m
[33mWarning at line 19164: Action is missing parameter definitions: patient_id, id.[0m
[33mWarning at line 19191: Action is missing parameter definitions: patient_id, id.[0m
[33mWarning at line 19222: Action is missing parameter definitions: patient_id, id.[0m
[33mWarning at line 19250: Action is missing parameter definitions: patient_id, id.[0m
[33mWarning at line 19279: Action is missing parameter definitions: patient_id, id.[0m
