[33mWarning at line 703: Enum element "status" should include members.[0m
[33mWarning at line 716: Enum element "status" should include members.[0m
[33mWarning at line 728: Enum element "status" should include members.[0m
[33mWarning at line 781: Enum element "status" should include members.[0m
[33mWarning at line 2526: "object" with value definition. You should use type definition without value, e.g., "+ key (object)"[0m
[33mWarning at line 3801: Enum element "status" should include members.[0m
[33mWarning at line 3859: Enum element "status" should include members.[0m
[33mWarning at line 3911: Enum element "status" should include members.[0m
[33mWarning at line 3971: Enum element "status" should include members.[0m
[33mWarning at line 4029: Enum element "status" should include members.[0m
[33mWarning at line 4087: Enum element "status" should include members.[0m
[33mWarning at line 4140: Enum element "status" should include members.[0m
[33mWarning at line 4192: Enum element "status" should include members.[0m
[33mWarning at line 4250: Enum element "status" should include members.[0m
[33mWarning at line 4334: Enum element "status" should include members.[0m
[33mWarning at line 4389: Enum element "status" should include members.[0m
[33mWarning at line 4403: Enum element "status" should include members.[0m
[33mWarning at line 4600: Enum element "status" should include members.[0m
[33mWarning at line 4630: Enum element "status" should include members.[0m
[33mWarning at line 4656: Ignoring unrecognized block "<!-- #Party -->".[0m
[33mWarning at line 4661: Ignoring unrecognized block "<!-- + last_name: Іванов (string) -->".[0m
[33mWarning at line 4662: Ignoring unrecognized block "<!-- + second_name: Миколайович (string) -->".[0m
[33mWarning at line 4835: Enum element "status" should include members.[0m
[33mWarning at line 4846: Enum element "status" should include members.[0m
[33mWarning at line 5293: Enum element "gender" should include members.[0m
[33mWarning at line 6310: "object" with value definition. You should use type definition without value, e.g., "+ key (object)"[0m
[33mWarning at line 7333: Enum element "status" should include members.[0m
[33mWarning at line 7453: Enum element "gender" should include members.[0m
[33mWarning at line 7474: Enum element "gender" should include members.[0m
[33mWarning at line 7496: Enum element "gender" should include members.[0m
[33mWarning at line 7519: Enum element "gender" should include members.[0m
[33mWarning at line 7542: Enum element "gender" should include members.[0m
[33mWarning at line 7567: Enum element "gender" should include members.[0m
[33mWarning at line 7597: Enum element "gender" should include members.[0m
[33mWarning at line 7688: Enum element "gender" should include members.[0m
[33mWarning at line 7701: Enum element "gender" should include members.[0m
[33mWarning at line 7775: Enum element "gender" should include members.[0m
[33mWarning at line 7958: Enum element "status" should include members.[0m
[33mWarning at line 8037: Enum element "gender" should include members.[0m
[33mWarning at line 8343: Enum element "gender" should include members.[0m
[33mWarning at line 8372: Enum element "gender" should include members.[0m
[33mWarning at line 8403: Enum element "gender" should include members.[0m
[33mWarning at line 8432: Enum element "gender" should include members.[0m
[33mWarning at line 8484: Enum element "gender" should include members.[0m
[33mWarning at line 8520: Enum element "gender" should include members.[0m
[33mWarning at line 8604: Enum element "gender" should include members.[0m
[33mWarning at line 8691: Enum element "status" should include members.[0m
[33mWarning at line 9332: Enum element "status" should include members.[0m
[33mWarning at line 9364: Enum element "status" should include members.[0m
[33mWarning at line 9451: Enum element "gender" should include members.[0m
[33mWarning at line 9486: Enum element "scope" should include members.[0m
[33mWarning at line 9561: Enum element "status" should include members.[0m
[33mWarning at line 9633: Enum element "gender" should include members.[0m
[33mWarning at line 9672: Enum element "gender" should include members.[0m
[33mWarning at line 10639: Action is missing parameter definitions: id.[0m
[33mWarning at line 10860: Action is missing parameter definitions: unique_10929, duplicate, duplicate_1.[0m
[33mWarning at line 10860: Action "GET /api/v2/dictionaries" already defined.[0m
[33mWarning at line 10927: "object" with value definition. You should use type definition without value, e.g., "+ key (object)"[0m
[33mWarning at line 10906: Action is missing parameter definitions: name, is_active, value_code.[0m
[33mWarning at line 11531: Ignoring unrecognized block "<!-- + Headers -->".[0m
[33mWarning at line 11533: Ignoring unrecognized block "<!-- Authorization: Bearer c2778f3064753ea70de870a53795f5c9 -->".[0m
[33mWarning at line 11534: Ignoring unrecognized block "API-key: uXhEczJ56adsfh3Ri9SUkc4en
            X-Custom-PSK: a2aa05c76f3f2d91870f923a53cc8aa8f23bbc01a8238d1c2c26d4299715a7e4".[0m
[33mWarning at line 11558: Ignoring unrecognized block "<!-- + Headers -->".[0m
[33mWarning at line 11560: Ignoring unrecognized block "<!-- Authorization: Bearer c2778f3064753ea70de870a53795f5c9 -->".[0m
[33mWarning at line 11561: Ignoring unrecognized block "API-key: uXhEczJ56adsfh3Ri9SUkc4en
            X-Custom-PSK: a2aa05c76f3f2d91870f923a53cc8aa8f23bbc01a8238d1c2c26d4299715a7e4".[0m
[33mWarning at line 11592: Action is missing parameter definitions: id.[0m
[33mWarning at line 11689: Enum element "status" should include members.[0m
[33mWarning at line 11717: Enum element "status" should include members.[0m
[33mWarning at line 11767: Enum element "status" should include members.[0m
[33mWarning at line 11787: Enum element "status" should include members.[0m
[33mWarning at line 11914: Enum element "status" should include members.[0m
[33mWarning at line 11934: Enum element "status" should include members.[0m
[33mWarning at line 12200: Action is missing parameter definitions: contract_type.[0m
[33mWarning at line 12249: Action is missing parameter definitions: contract_type, unique_12312, unique_12312.[0m
[33mWarning at line 12288: Action is missing parameter definitions: contract_type.[0m
[33mWarning at line 12319: Action is missing parameter definitions: contract_type.[0m
[33mWarning at line 12348: Action is missing parameter definitions: contract_type, id.[0m
[33mWarning at line 12547: Action is missing parameter definitions: contract_type.[0m
[33mWarning at line 12586: Action is missing parameter definitions: contract_type, unique_12643, duplicate, id, contractor_legal_entity_id, edrpou, contractor_owner_id, nhs_signer_id, issue_city, status, contract_number, medical_program_id, page, page_size.[0m
[33mWarning at line 12651: Action is missing parameter definitions: contract_type.[0m
[33mWarning at line 12692: Action is missing parameter definitions: contract_type.[0m
[33mWarning at line 12735: Action is missing parameter definitions: contract_type.[0m
[33mWarning at line 12809: Ignoring unrecognized block "<!-- + Parameters -->".[0m
[33mWarning at line 12810: Ignoring unrecognized block "+ `contract_type` (string, required) - identifier
        + data (object)
            + include Contract_Details_Capitation".[0m
[33mWarning at line 12766: Action is missing parameter definitions: contract_type.[0m
[33mWarning at line 12835: Action is missing parameter definitions: verification_status.[0m
[33mWarning at line 12964: Enum element "status" should include members.[0m
[33mWarning at line 13255: Action is missing parameter definitions: id, unique_13298.[0m
[33mWarning at line 13502: Ignoring unrecognized block "<!-- This method will be deprecated. Use **Reject Person Request v2**. -->".[0m
[33mWarning at line 13504: Ignoring unrecognized block "<!-- Use this method to reject previously created Person Request. -->".[0m
[33mWarning at line 13506: Ignoring unrecognized block "<!-- More detailed information - https://e-health-ua.atlassian.net/wiki/x/MYDAIw -->".[0m
[33mWarning at line 13926: Action is missing parameter definitions: legal_entity_id.[0m
[33mWarning at line 14252: Action is missing parameter definitions: id.[0m
[33mWarning at line 14745: Action is missing parameter definitions: id.[0m
[33mWarning at line 14958: Ignoring unrecognized block "<!-- + Parameters -->".[0m
[33mWarning at line 14959: Ignoring unrecognized block "+ `page_size` (string, required) - identifier
        + `page` (string, required) - identifier
        + `birth_place` (string, required) - identifier
                        + merge_person_id: bdadc2a7-7283-4f24-bc99-8d8d9808af80 (string) - identifier of a person who is recognized as a duplicate and subsequently deactivated
                        + person_id: b075f148-7f93-4fc2-b2ec-2d81b19a9b7b (string) - identifier of the person who as a result of the deduplication is recognized as true and subsequently left active
                        + updated_at: 2019-05-08T15:34:00Z (string)".[0m
[33mWarning at line 14913: Action is missing parameter definitions: birth_place, page, page_size.[0m
[33mWarning at line 15080: Action is missing parameter definitions: unique_15114, duplicate.[0m
[33mWarning at line 15080: Action "GET /sign-in" already defined.[0m
[33mWarning at line 15272: Action is missing parameter definitions: legal_entity_id, requisition.[0m
[33mWarning at line 15313: Action is missing parameter definitions: requisition, status, page, page_size.[0m
[33mWarning at line 15464: Action is missing parameter definitions: patient_id.[0m
[33mWarning at line 15491: Action is missing parameter definitions: patient_id, id.[0m
[33mWarning at line 15889: Action is missing parameter definitions: patient_id, care_plan_id, id.[0m
[33mWarning at line 15958: Action is missing parameter definitions: patient_id, care_plan_id.[0m
[33mWarning at line 16147: Action is missing parameter definitions: patient_id, asserted_date_from, asserted_date_to, page, page_size, type, encounter_id, episode_id.[0m
[33mWarning at line 16188: Action is missing parameter definitions: patient_id, diagnostic_report_id.[0m
[33mWarning at line 16220: Action is missing parameter definitions: patient_id, duplicate, issued_from, issued_to, page, page_size, code, encounter_id, context_episode_id, initial_episode_id.[0m
[33mWarning at line 16263: Action is missing parameter definitions: patient_id, page, page_size, code, onset_date_time_from, onset_date_time_to.[0m
[33mWarning at line 16332: Action is missing parameter definitions: date_from, date_to.[0m
[33mWarning at line 16410: Action is missing parameter definitions: patient_id, page, page_size, code, date_from, date_to.[0m
[33mWarning at line 16475: Ignoring unrecognized block "<!-- Key                | Value -->".[0m
[33mWarning at line 16476: Ignoring unrecognized block "<!-- -------------------|----------- -->".[0m
[33mWarning at line 16477: Ignoring unrecognized block "ESOZ ENT ID        | ENT-043
Link to Confluence | <a href="https://e-health-ua.atlassian.net/wiki/spaces/ESOZ/pages/17359110269/Medication+Request">Medication Request</a>".[0m
[33mWarning at line 16443: Action is missing parameter definitions: patient_id, id.[0m
[33mWarning at line 16504: Ignoring unrecognized block "<!-- + division_id: 2848a935-5fd7-48ba-b235-a9b5d475c647 (string) - Division identifier -->".[0m
[33mWarning at line 16505: Ignoring unrecognized block "<!-- + programs (array[Qualify_Medication_request_Request_List_program_post_data], required) - Medical programs list for qualify -->".[0m
[33mWarning at line 16579: Action is missing parameter definitions: care_plan_id.[0m
[33mWarning at line 17083: Action is missing a response[0m
[33mWarning at line 17173: Action is missing parameter definitions: id.[0m
[33mWarning at line 17215: Ignoring unrecognized block "<!--  -->".[0m
[33mWarning at line 17217: Ignoring unrecognized block "<!-- Key                | Value -->".[0m
[33mWarning at line 17218: Ignoring unrecognized block "<!-- -------------------|----------- -->".[0m
[33mWarning at line 17219: Ignoring unrecognized block "ESOZ ENT ID        | ENT-042".[0m
[33mWarning at line 17221: Ignoring unrecognized block "<!-- Link to Confluence | <a href="https://e-health-ua.atlassian.net/wiki/spaces/ESOZ/pages/17359241296/Medication+Dispense">Medication Dispense</a> -->".[0m
[33mWarning at line 17223: Ignoring unrecognized block "<!-- Medication Dispense - Indicates that a medication product has been dispensed for -->".[0m
[33mWarning at line 17224: Ignoring unrecognized block "<!-- a named person/patientDispense of medication is possible only under Medication -->".[0m
[33mWarning at line 17225: Ignoring unrecognized block "Request and during the period specified in Medication RequestMedical program - mandatory
attribute for the first phase. There is no options to dispense medication without
program Dispense details - several medications of different manufacturers
with the same innm can be dispensed at a time. Total of medication_qty should
be less or equal to medication quantity specified in Medication Request.".[0m
[33mWarning at line 17194: Action is missing parameter definitions: id.[0m
[33mWarning at line 17231: Action is missing parameter definitions: code.[0m
[33mWarning at line 17471: Action is missing parameter definitions: person_id.[0m
[33mWarning at line 17500: Action is missing parameter definitions: id, medication_request_id, legal_entity_id, division_id, status, dispensed_from, dispensed_to, care_plan_id, page, page_size.[0m
[33mWarning at line 17569: Action is missing parameter definitions: id.[0m
[33mWarning at line 17614: Ignoring unrecognized block "<!--  -->".[0m
[33mWarning at line 17616: Ignoring unrecognized block "<!-- Key                | Value -->".[0m
[33mWarning at line 17617: Ignoring unrecognized block "<!-- -------------------|----------- -->".[0m
[33mWarning at line 17618: Ignoring unrecognized block "ESOZ ENT ID        | ENT-044".[0m
[33mWarning at line 17620: Ignoring unrecognized block "<!-- Link to Confluence | <a href="https://e-health-ua.atlassian.net/wiki/spaces/ESOZ/pages/17358782570/Medication+Request+Request">Medication Request Requests</a> -->".[0m
[33mWarning at line 17622: Ignoring unrecognized block "<!-- Medication request Request is a life-cycle entity that is used to perform operations on Medication requests. -->".[0m
[33mWarning at line 17623: Ignoring unrecognized block "<!-- After Medication request Request is signed it will be automatically moved to Medication requests. -->".[0m
[33mWarning at line 17592: Action is missing parameter definitions: id.[0m
[33mWarning at line 17643: Ignoring unrecognized block "<!--  -->".[0m
[33mWarning at line 17644: Ignoring unrecognized block "<!-- + Attributes (object) -->".[0m
[33mWarning at line 17646: Ignoring unrecognized block "+ medication_request_request (object)
            + include Medication_request_Request_Qualify_post_data".[0m
[33mWarning at line 17649: Ignoring unrecognized block "<!-- + programs (array[Qualify_Medication_request_Request_List_program_post_data], required) - Medical programs list for qualify -->".[0m
[33mWarning at line 17756: Action is missing parameter definitions: care_plan_id.[0m
[33mWarning at line 17911: Ignoring unrecognized block "<!--  -->".[0m
[33mWarning at line 17913: Ignoring unrecognized block "<!-- Key                | Value -->".[0m
[33mWarning at line 17914: Ignoring unrecognized block "<!-- -------------------|----------- -->".[0m
[33mWarning at line 17915: Ignoring unrecognized block "ESOZ ENT ID        | ENT-045
Link to Confluence | <a href="https://e-health-ua.atlassian.net/wiki/spaces/ESOZ/pages/18699747489/Medication+Statement+ENT-045">Medication Statement</a>".[0m
[33mWarning at line 17939: Ignoring unrecognized block "<!--  -->".[0m
[33mWarning at line 17940: Ignoring unrecognized block "<!-- + data (Medication_Statement_Response) -->".[0m
[33mWarning at line 17942: Action is missing parameter definitions: patient_id, duplicate, asserted_date_from, asserted_date_to, page, page_size, medication_code, encounter_id, episode_id.[0m
[33mWarning at line 18068: Action is missing parameter definitions: patient_id, encounter_id, diagnostic_report_id, episode_id, code, issued_from, issued_to, page, page_size.[0m
[33mWarning at line 18149: Action is missing parameter definitions: patient_id, status, episode_id, code, service_request_id, recorded_by, managing_organization_id.[0m
[33mWarning at line 18221: Action is missing a response[0m
[33mWarning at line 18234: Action is missing parameter definitions: patient_id, id.[0m
[33mWarning at line 18267: Action is missing parameter definitions: patient_id, id, status, episode_id, encounter_id, code, based_on, recorded_by, managing_organization_id, device_id.[0m
[33mWarning at line 18309: Action is missing parameter definitions: person_id, id.[0m
[33mWarning at line 18446: Ignoring unrecognized block "<!-- + Response 200 (application/json) -->".[0m
[33mWarning at line 18447: Ignoring unrecognized block "<!-- + Attributes (Response_Collection) -->".[0m
[33mWarning at line 18449: Ignoring unrecognized block "<!-- + data (array[Risk_Assessment_Response]) -->".[0m
[33mWarning at line 18453: Ignoring unrecognized block "<!-- Key                | Value -->".[0m
[33mWarning at line 18454: Ignoring unrecognized block "<!-- -------------------|----------- -->".[0m
[33mWarning at line 18455: Ignoring unrecognized block "ESOZ ENT ID        | ENT-062
Link to Confluence | <a href="https://e-health-ua.atlassian.net/wiki/spaces/ESOZ/pages/17479991344/Service+Request">Service Request</a>".[0m
[33mWarning at line 18417: Action is missing a response[0m
[33mWarning at line 18417: Action is missing parameter definitions: patient_id, code, asserted_date_from, asserted_date_to, page, page_size, encounter_id, episode_id.[0m
[33mWarning at line 18708: Action is missing parameter definitions: patient_id, service_request_id.[0m
[33mWarning at line 18752: Action is missing parameter definitions: patient_id, service_request_id.[0m
[33mWarning at line 19055: Enum element "gender" should include members.[0m
[33mWarning at line 19059: Action is missing parameter definitions: parent_id.[0m
[33mWarning at line 19083: Action is missing parameter definitions: patient_id, service_request_id.[0m
[33mWarning at line 19115: Action is missing parameter definitions: parent_id, service_request_id.[0m
[33mWarning at line 19156: Action is missing parameter definitions: id.[0m
[33mWarning at line 19356: Action is missing parameter definitions: patient_id, episode_id.[0m
[33mWarning at line 19512: Action is missing parameter definitions: patient_id, episode_id, date_from, date_to, page, page_size.[0m
[33mWarning at line 19762: Action is missing parameter definitions: period_from, period_to.[0m
[33mWarning at line 19877: Ignoring unrecognized block "<!-- + Parameters -->".[0m
[33mWarning at line 19865: Action is missing parameter definitions: patient_id.[0m
[33mWarning at line 19885: Action is missing parameter definitions: patient_id, id.[0m
[33mWarning at line 20013: Ignoring unrecognized block "<!-- + Parameters -->".[0m
[33mWarning at line 20014: Ignoring unrecognized block "+ `page_size` (string, required) - identifier
        + `page` (string, required) - identifier
        + `date` (string, required) - identifier
        + `type` (string, required) - identifier
        + `encounter_id` (string, required) - identifier
        + `patient_id` (string, required) - identifier".[0m
[33mWarning at line 19993: Action is missing parameter definitions: patient_id, id.[0m
[33mWarning at line 20028: Action is missing parameter definitions: patient_id, patient_id, encounter_id, type, date, page, page_size.[0m
[33mWarning at line 20397: Action "GET /api/persons/{person_id}/compositions/{composition_id}/medication_requests/" already defined.[0m
[33mWarning at line 20532: Action is missing a response[0m
[33mWarning at line 20532: Action is missing parameter definitions: patient_id.[0m
[33mWarning at line 20575: Action is missing parameter definitions: patient_id, type, status, registered_by, collected_from, collected_to, container_identifier, container_type, parent, request, encounter, page, page_size.[0m
[33mWarning at line 20669: Enum element "gender" should include members.[0m
